mode: set
github.com/ichiban/prolog/engine/atom.go:221.32,223.86 1 1
github.com/ichiban/prolog/engine/atom.go:223.86,225.3 1 1
github.com/ichiban/prolog/engine/atom.go:227.2,231.8 4 1
github.com/ichiban/prolog/engine/atom.go:231.8,233.3 1 1
github.com/ichiban/prolog/engine/atom.go:235.2,238.10 4 1
github.com/ichiban/prolog/engine/atom.go:242.72,246.15 3 1
github.com/ichiban/prolog/engine/atom.go:246.15,247.80 1 1
github.com/ichiban/prolog/engine/atom.go:247.80,249.4 1 1
github.com/ichiban/prolog/engine/atom.go:250.3,251.57 2 1
github.com/ichiban/prolog/engine/atom.go:254.2,254.34 1 1
github.com/ichiban/prolog/engine/atom.go:254.34,255.62 1 1
github.com/ichiban/prolog/engine/atom.go:255.62,257.4 1 1
github.com/ichiban/prolog/engine/atom.go:258.3,259.64 2 1
github.com/ichiban/prolog/engine/atom.go:259.64,261.4 1 1
github.com/ichiban/prolog/engine/atom.go:262.8,263.97 1 1
github.com/ichiban/prolog/engine/atom.go:263.97,265.4 1 1
github.com/ichiban/prolog/engine/atom.go:266.3,267.99 2 1
github.com/ichiban/prolog/engine/atom.go:267.99,269.4 1 1
github.com/ichiban/prolog/engine/atom.go:272.2,272.15 1 1
github.com/ichiban/prolog/engine/atom.go:272.15,274.3 1 1
github.com/ichiban/prolog/engine/atom.go:276.2,276.15 1 1
github.com/ichiban/prolog/engine/atom.go:280.45,281.36 1 1
github.com/ichiban/prolog/engine/atom.go:282.32,283.11 1 1
github.com/ichiban/prolog/engine/atom.go:284.12,285.56 1 1
github.com/ichiban/prolog/engine/atom.go:286.14,287.12 1 1
github.com/ichiban/prolog/engine/atom.go:288.14,289.13 1 1
github.com/ichiban/prolog/engine/atom.go:290.11,291.12 1 1
github.com/ichiban/prolog/engine/atom.go:293.10,294.12 1 1
github.com/ichiban/prolog/engine/atom.go:298.31,299.23 1 1
github.com/ichiban/prolog/engine/atom.go:299.23,301.3 1 1
github.com/ichiban/prolog/engine/atom.go:302.2,304.44 3 1
github.com/ichiban/prolog/engine/atom.go:309.40,310.20 1 1
github.com/ichiban/prolog/engine/atom.go:310.20,312.3 1 1
github.com/ichiban/prolog/engine/atom.go:313.2,316.3 1 1
github.com/ichiban/prolog/engine/atom.go:319.30,327.2 3 1
github.com/ichiban/prolog/engine/atom.go:329.29,331.2 1 1
github.com/ichiban/prolog/engine/atom.go:333.41,334.11 1 1
github.com/ichiban/prolog/engine/atom.go:335.12,336.14 1 1
github.com/ichiban/prolog/engine/atom.go:337.12,338.14 1 1
github.com/ichiban/prolog/engine/atom.go:339.12,340.14 1 1
github.com/ichiban/prolog/engine/atom.go:341.12,342.14 1 1
github.com/ichiban/prolog/engine/atom.go:343.12,344.14 1 1
github.com/ichiban/prolog/engine/atom.go:345.12,346.14 1 1
github.com/ichiban/prolog/engine/atom.go:347.12,348.14 1 1
github.com/ichiban/prolog/engine/atom.go:349.11,350.14 1 1
github.com/ichiban/prolog/engine/atom.go:351.11,352.14 1 1
github.com/ichiban/prolog/engine/atom.go:353.10,355.23 2 1
github.com/ichiban/prolog/engine/atom.go:355.23,357.4 1 1
github.com/ichiban/prolog/engine/atom.go:358.3,358.31 1 1
github.com/ichiban/prolog/engine/atom.go:362.31,365.2 2 1
github.com/ichiban/prolog/engine/atom.go:367.27,370.2 2 1
github.com/ichiban/prolog/engine/builtin.go:44.45,45.7 1 0
github.com/ichiban/prolog/engine/builtin.go:45.7,47.3 1 0
github.com/ichiban/prolog/engine/builtin.go:47.8,49.3 1 0
github.com/ichiban/prolog/engine/builtin.go:52.13,54.46 2 1
github.com/ichiban/prolog/engine/builtin.go:54.46,56.3 1 0
github.com/ichiban/prolog/engine/builtin.go:56.8,58.3 1 1
github.com/ichiban/prolog/engine/builtin.go:82.53,88.47 3 1
github.com/ichiban/prolog/engine/builtin.go:88.47,90.3 1 0
github.com/ichiban/prolog/engine/builtin.go:92.2,92.27 1 1
github.com/ichiban/prolog/engine/builtin.go:92.27,101.45 1 1
github.com/ichiban/prolog/engine/builtin.go:101.45,104.4 2 1
github.com/ichiban/prolog/engine/builtin.go:105.3,106.27 2 0
github.com/ichiban/prolog/engine/builtin.go:111.2,111.28 1 1
github.com/ichiban/prolog/engine/builtin.go:111.28,113.3 1 1
github.com/ichiban/prolog/engine/builtin.go:115.2,115.9 1 0
github.com/ichiban/prolog/engine/builtin.go:116.55,117.14 1 0
github.com/ichiban/prolog/engine/builtin.go:118.10,120.15 1 0
github.com/ichiban/prolog/engine/builtin.go:126.28,127.33 1 0
github.com/ichiban/prolog/engine/builtin.go:127.33,133.3 3 0
github.com/ichiban/prolog/engine/builtin.go:137.47,138.51 1 1
github.com/ichiban/prolog/engine/builtin.go:138.51,140.3 1 1
github.com/ichiban/prolog/engine/builtin.go:144.59,145.50 1 1
github.com/ichiban/prolog/engine/builtin.go:145.50,147.17 2 1
github.com/ichiban/prolog/engine/builtin.go:147.17,149.4 1 1
github.com/ichiban/prolog/engine/builtin.go:150.3,150.9 1 1
github.com/ichiban/prolog/engine/builtin.go:150.9,152.4 1 1
github.com/ichiban/prolog/engine/builtin.go:153.3,153.16 1 1
github.com/ichiban/prolog/engine/builtin.go:158.67,160.39 2 1
github.com/ichiban/prolog/engine/builtin.go:161.16,162.40 1 1
github.com/ichiban/prolog/engine/builtin.go:163.10,166.17 3 1
github.com/ichiban/prolog/engine/builtin.go:166.17,168.4 1 1
github.com/ichiban/prolog/engine/builtin.go:169.3,169.26 1 1
github.com/ichiban/prolog/engine/builtin.go:169.26,171.4 1 1
github.com/ichiban/prolog/engine/builtin.go:172.3,173.17 2 1
github.com/ichiban/prolog/engine/builtin.go:173.17,175.4 1 1
github.com/ichiban/prolog/engine/builtin.go:177.3,179.34 3 1
github.com/ichiban/prolog/engine/builtin.go:184.67,186.2 1 1
github.com/ichiban/prolog/engine/builtin.go:189.73,191.2 1 1
github.com/ichiban/prolog/engine/builtin.go:194.79,196.2 1 1
github.com/ichiban/prolog/engine/builtin.go:199.85,201.2 1 1
github.com/ichiban/prolog/engine/builtin.go:204.91,206.2 1 1
github.com/ichiban/prolog/engine/builtin.go:209.97,211.2 1 1
github.com/ichiban/prolog/engine/builtin.go:214.103,216.2 1 1
github.com/ichiban/prolog/engine/builtin.go:218.80,220.16 2 1
github.com/ichiban/prolog/engine/builtin.go:220.16,222.3 1 1
github.com/ichiban/prolog/engine/builtin.go:223.2,224.16 2 1
github.com/ichiban/prolog/engine/builtin.go:224.16,226.3 1 1
github.com/ichiban/prolog/engine/builtin.go:227.2,228.37 2 1
github.com/ichiban/prolog/engine/builtin.go:228.37,230.3 1 1
github.com/ichiban/prolog/engine/builtin.go:231.2,232.49 2 1
github.com/ichiban/prolog/engine/builtin.go:237.65,239.27 2 1
github.com/ichiban/prolog/engine/builtin.go:240.16,241.8 1 1
github.com/ichiban/prolog/engine/builtin.go:242.15,243.10 1 1
github.com/ichiban/prolog/engine/builtin.go:244.16,245.67 1 1
github.com/ichiban/prolog/engine/builtin.go:246.17,247.22 1 1
github.com/ichiban/prolog/engine/builtin.go:249.10,250.54 1 1
github.com/ichiban/prolog/engine/builtin.go:253.2,259.45 2 1
github.com/ichiban/prolog/engine/builtin.go:259.45,261.17 2 1
github.com/ichiban/prolog/engine/builtin.go:261.17,263.4 1 1
github.com/ichiban/prolog/engine/builtin.go:265.3,266.47 2 1
github.com/ichiban/prolog/engine/builtin.go:266.47,267.49 1 1
github.com/ichiban/prolog/engine/builtin.go:267.49,269.5 1 1
github.com/ichiban/prolog/engine/builtin.go:271.3,271.11 1 1
github.com/ichiban/prolog/engine/builtin.go:273.2,273.10 1 1
github.com/ichiban/prolog/engine/builtin.go:277.57,279.9 2 1
github.com/ichiban/prolog/engine/builtin.go:279.9,281.3 1 1
github.com/ichiban/prolog/engine/builtin.go:282.2,282.15 1 1
github.com/ichiban/prolog/engine/builtin.go:286.72,288.9 2 1
github.com/ichiban/prolog/engine/builtin.go:288.9,290.3 1 1
github.com/ichiban/prolog/engine/builtin.go:291.2,291.15 1 1
github.com/ichiban/prolog/engine/builtin.go:295.77,297.9 2 1
github.com/ichiban/prolog/engine/builtin.go:297.9,299.3 1 1
github.com/ichiban/prolog/engine/builtin.go:301.2,301.65 1 1
github.com/ichiban/prolog/engine/builtin.go:301.65,303.3 1 1
github.com/ichiban/prolog/engine/builtin.go:305.2,305.15 1 1
github.com/ichiban/prolog/engine/builtin.go:309.56,310.45 1 1
github.com/ichiban/prolog/engine/builtin.go:310.45,312.3 1 1
github.com/ichiban/prolog/engine/builtin.go:313.2,313.15 1 1
github.com/ichiban/prolog/engine/builtin.go:317.58,318.42 1 1
github.com/ichiban/prolog/engine/builtin.go:318.42,320.3 1 1
github.com/ichiban/prolog/engine/builtin.go:321.2,321.15 1 1
github.com/ichiban/prolog/engine/builtin.go:325.60,326.44 1 1
github.com/ichiban/prolog/engine/builtin.go:326.44,328.3 1 1
github.com/ichiban/prolog/engine/builtin.go:329.2,329.15 1 1
github.com/ichiban/prolog/engine/builtin.go:333.57,334.41 1 1
github.com/ichiban/prolog/engine/builtin.go:334.41,336.3 1 1
github.com/ichiban/prolog/engine/builtin.go:337.2,337.15 1 1
github.com/ichiban/prolog/engine/builtin.go:341.61,342.45 1 1
github.com/ichiban/prolog/engine/builtin.go:342.45,344.3 1 1
github.com/ichiban/prolog/engine/builtin.go:345.2,345.15 1 1
github.com/ichiban/prolog/engine/builtin.go:349.60,350.29 1 1
github.com/ichiban/prolog/engine/builtin.go:350.29,352.3 1 1
github.com/ichiban/prolog/engine/builtin.go:353.2,353.15 1 1
github.com/ichiban/prolog/engine/builtin.go:356.56,359.28 2 1
github.com/ichiban/prolog/engine/builtin.go:359.28,360.13 1 1
github.com/ichiban/prolog/engine/builtin.go:360.13,362.4 1 1
github.com/ichiban/prolog/engine/builtin.go:364.2,366.31 2 1
github.com/ichiban/prolog/engine/builtin.go:366.31,367.34 1 1
github.com/ichiban/prolog/engine/builtin.go:367.34,368.42 1 1
github.com/ichiban/prolog/engine/builtin.go:368.42,370.5 1 1
github.com/ichiban/prolog/engine/builtin.go:374.2,374.14 1 1
github.com/ichiban/prolog/engine/builtin.go:379.70,380.36 1 1
github.com/ichiban/prolog/engine/builtin.go:381.16,382.45 1 1
github.com/ichiban/prolog/engine/builtin.go:383.17,384.41 1 1
github.com/ichiban/prolog/engine/builtin.go:385.16,386.17 1 1
github.com/ichiban/prolog/engine/builtin.go:386.17,388.5 1 1
github.com/ichiban/prolog/engine/builtin.go:390.4,392.31 2 1
github.com/ichiban/prolog/engine/builtin.go:393.18,394.42 1 1
github.com/ichiban/prolog/engine/builtin.go:395.18,396.56 1 1
github.com/ichiban/prolog/engine/builtin.go:399.4,399.18 1 1
github.com/ichiban/prolog/engine/builtin.go:399.18,401.5 1 1
github.com/ichiban/prolog/engine/builtin.go:403.4,404.11 2 1
github.com/ichiban/prolog/engine/builtin.go:404.11,406.5 1 1
github.com/ichiban/prolog/engine/builtin.go:408.4,409.18 2 1
github.com/ichiban/prolog/engine/builtin.go:409.18,411.5 1 1
github.com/ichiban/prolog/engine/builtin.go:412.4,412.22 1 1
github.com/ichiban/prolog/engine/builtin.go:412.22,414.5 1 1
github.com/ichiban/prolog/engine/builtin.go:415.4,415.47 1 1
github.com/ichiban/prolog/engine/builtin.go:416.11,417.57 1 1
github.com/ichiban/prolog/engine/builtin.go:419.16,420.87 1 1
github.com/ichiban/prolog/engine/builtin.go:421.10,422.69 1 1
github.com/ichiban/prolog/engine/builtin.go:427.63,428.36 1 1
github.com/ichiban/prolog/engine/builtin.go:429.16,430.40 1 1
github.com/ichiban/prolog/engine/builtin.go:431.16,432.39 1 1
github.com/ichiban/prolog/engine/builtin.go:433.17,434.41 1 1
github.com/ichiban/prolog/engine/builtin.go:435.16,436.36 1 1
github.com/ichiban/prolog/engine/builtin.go:436.36,438.5 1 1
github.com/ichiban/prolog/engine/builtin.go:439.4,439.13 1 1
github.com/ichiban/prolog/engine/builtin.go:439.13,441.5 1 1
github.com/ichiban/prolog/engine/builtin.go:442.4,442.50 1 1
github.com/ichiban/prolog/engine/builtin.go:443.11,444.53 1 1
github.com/ichiban/prolog/engine/builtin.go:446.10,447.53 1 1
github.com/ichiban/prolog/engine/builtin.go:452.60,453.36 1 1
github.com/ichiban/prolog/engine/builtin.go:454.16,456.17 2 1
github.com/ichiban/prolog/engine/builtin.go:456.17,458.4 1 1
github.com/ichiban/prolog/engine/builtin.go:459.3,459.21 1 1
github.com/ichiban/prolog/engine/builtin.go:460.10,461.65 1 1
github.com/ichiban/prolog/engine/builtin.go:462.10,463.45 1 1
github.com/ichiban/prolog/engine/builtin.go:464.18,465.42 1 1
github.com/ichiban/prolog/engine/builtin.go:466.18,467.53 1 1
github.com/ichiban/prolog/engine/builtin.go:468.12,469.29 1 1
github.com/ichiban/prolog/engine/builtin.go:471.11,472.45 1 1
github.com/ichiban/prolog/engine/builtin.go:473.18,474.42 1 1
github.com/ichiban/prolog/engine/builtin.go:475.14,476.49 1 1
github.com/ichiban/prolog/engine/builtin.go:477.12,478.51 1 1
github.com/ichiban/prolog/engine/builtin.go:481.16,483.19 2 1
github.com/ichiban/prolog/engine/builtin.go:483.20,484.4 0 1
github.com/ichiban/prolog/engine/builtin.go:485.3,485.36 1 1
github.com/ichiban/prolog/engine/builtin.go:485.36,487.4 1 1
github.com/ichiban/prolog/engine/builtin.go:488.3,489.34 2 1
github.com/ichiban/prolog/engine/builtin.go:489.34,491.4 1 1
github.com/ichiban/prolog/engine/builtin.go:492.3,492.49 1 1
github.com/ichiban/prolog/engine/builtin.go:493.10,495.19 2 1
github.com/ichiban/prolog/engine/builtin.go:495.20,496.4 0 1
github.com/ichiban/prolog/engine/builtin.go:497.3,497.36 1 1
github.com/ichiban/prolog/engine/builtin.go:497.36,499.4 1 1
github.com/ichiban/prolog/engine/builtin.go:500.3,500.42 1 1
github.com/ichiban/prolog/engine/builtin.go:505.64,507.16 2 1
github.com/ichiban/prolog/engine/builtin.go:507.16,509.3 1 1
github.com/ichiban/prolog/engine/builtin.go:510.2,510.34 1 1
github.com/ichiban/prolog/engine/builtin.go:513.74,514.19 1 1
github.com/ichiban/prolog/engine/builtin.go:514.19,516.3 1 1
github.com/ichiban/prolog/engine/builtin.go:517.2,518.32 2 1
github.com/ichiban/prolog/engine/builtin.go:518.32,520.3 1 1
github.com/ichiban/prolog/engine/builtin.go:521.2,521.23 1 1
github.com/ichiban/prolog/engine/builtin.go:522.16,525.16 3 1
github.com/ichiban/prolog/engine/builtin.go:526.26,527.16 1 1
github.com/ichiban/prolog/engine/builtin.go:528.12,530.17 2 1
github.com/ichiban/prolog/engine/builtin.go:530.17,532.4 1 1
github.com/ichiban/prolog/engine/builtin.go:533.3,535.20 3 1
github.com/ichiban/prolog/engine/builtin.go:535.20,537.18 2 1
github.com/ichiban/prolog/engine/builtin.go:537.18,539.5 1 1
github.com/ichiban/prolog/engine/builtin.go:540.4,540.12 1 1
github.com/ichiban/prolog/engine/builtin.go:542.3,542.16 1 1
github.com/ichiban/prolog/engine/builtin.go:543.16,547.17 4 1
github.com/ichiban/prolog/engine/builtin.go:547.17,549.4 1 1
github.com/ichiban/prolog/engine/builtin.go:550.3,552.17 3 1
github.com/ichiban/prolog/engine/builtin.go:552.17,554.4 1 1
github.com/ichiban/prolog/engine/builtin.go:555.3,557.17 3 1
github.com/ichiban/prolog/engine/builtin.go:558.16,560.17 2 1
github.com/ichiban/prolog/engine/builtin.go:560.17,562.4 1 1
github.com/ichiban/prolog/engine/builtin.go:563.3,568.34 3 1
github.com/ichiban/prolog/engine/builtin.go:568.34,570.18 2 1
github.com/ichiban/prolog/engine/builtin.go:570.18,572.5 1 1
github.com/ichiban/prolog/engine/builtin.go:573.4,573.18 1 1
github.com/ichiban/prolog/engine/builtin.go:575.3,575.17 1 1
github.com/ichiban/prolog/engine/builtin.go:576.10,577.16 1 1
github.com/ichiban/prolog/engine/builtin.go:582.72,589.24 2 1
github.com/ichiban/prolog/engine/builtin.go:589.24,591.37 2 1
github.com/ichiban/prolog/engine/builtin.go:592.17,593.32 1 1
github.com/ichiban/prolog/engine/builtin.go:593.32,595.5 1 1
github.com/ichiban/prolog/engine/builtin.go:596.4,596.27 1 1
github.com/ichiban/prolog/engine/builtin.go:597.17,599.18 2 1
github.com/ichiban/prolog/engine/builtin.go:599.18,601.5 1 1
github.com/ichiban/prolog/engine/builtin.go:602.4,602.35 1 1
github.com/ichiban/prolog/engine/builtin.go:602.35,604.5 1 1
github.com/ichiban/prolog/engine/builtin.go:605.4,605.40 1 1
github.com/ichiban/prolog/engine/builtin.go:609.2,610.18 2 1
github.com/ichiban/prolog/engine/builtin.go:610.19,611.3 0 1
github.com/ichiban/prolog/engine/builtin.go:612.2,612.35 1 1
github.com/ichiban/prolog/engine/builtin.go:612.35,614.3 1 1
github.com/ichiban/prolog/engine/builtin.go:616.2,616.46 1 1
github.com/ichiban/prolog/engine/builtin.go:630.74,632.50 2 1
github.com/ichiban/prolog/engine/builtin.go:633.16,634.40 1 1
github.com/ichiban/prolog/engine/builtin.go:635.15,636.38 1 1
github.com/ichiban/prolog/engine/builtin.go:636.38,638.4 1 1
github.com/ichiban/prolog/engine/builtin.go:639.3,639.15 1 1
github.com/ichiban/prolog/engine/builtin.go:640.10,641.59 1 1
github.com/ichiban/prolog/engine/builtin.go:644.2,645.52 2 1
github.com/ichiban/prolog/engine/builtin.go:646.16,647.40 1 1
github.com/ichiban/prolog/engine/builtin.go:648.12,651.10 3 1
github.com/ichiban/prolog/engine/builtin.go:651.10,653.4 1 1
github.com/ichiban/prolog/engine/builtin.go:654.10,655.57 1 1
github.com/ichiban/prolog/engine/builtin.go:658.2,659.38 2 1
github.com/ichiban/prolog/engine/builtin.go:660.12,661.21 1 1
github.com/ichiban/prolog/engine/builtin.go:662.10,664.19 2 1
github.com/ichiban/prolog/engine/builtin.go:664.19,665.52 1 1
github.com/ichiban/prolog/engine/builtin.go:666.14,667.41 1 1
github.com/ichiban/prolog/engine/builtin.go:668.12,669.52 1 1
github.com/ichiban/prolog/engine/builtin.go:672.3,672.36 1 1
github.com/ichiban/prolog/engine/builtin.go:672.36,674.4 1 1
github.com/ichiban/prolog/engine/builtin.go:677.2,677.29 1 1
github.com/ichiban/prolog/engine/builtin.go:677.29,678.56 1 1
github.com/ichiban/prolog/engine/builtin.go:678.56,680.4 1 1
github.com/ichiban/prolog/engine/builtin.go:684.2,685.29 2 1
github.com/ichiban/prolog/engine/builtin.go:685.29,686.77 1 1
github.com/ichiban/prolog/engine/builtin.go:686.77,688.4 1 1
github.com/ichiban/prolog/engine/builtin.go:690.3,690.37 1 1
github.com/ichiban/prolog/engine/builtin.go:692.2,694.15 2 1
github.com/ichiban/prolog/engine/builtin.go:697.90,698.14 1 1
github.com/ichiban/prolog/engine/builtin.go:699.17,701.65 2 1
github.com/ichiban/prolog/engine/builtin.go:701.65,703.4 1 1
github.com/ichiban/prolog/engine/builtin.go:704.15,705.64 1 1
github.com/ichiban/prolog/engine/builtin.go:705.64,708.66 3 1
github.com/ichiban/prolog/engine/builtin.go:708.66,710.5 1 1
github.com/ichiban/prolog/engine/builtin.go:711.4,711.72 1 1
github.com/ichiban/prolog/engine/builtin.go:713.37,714.84 1 1
github.com/ichiban/prolog/engine/builtin.go:718.2,719.22 2 1
github.com/ichiban/prolog/engine/builtin.go:720.26,721.67 1 1
github.com/ichiban/prolog/engine/builtin.go:721.67,723.4 1 1
github.com/ichiban/prolog/engine/builtin.go:724.28,725.65 1 1
github.com/ichiban/prolog/engine/builtin.go:725.65,727.4 1 1
github.com/ichiban/prolog/engine/builtin.go:730.2,730.12 1 1
github.com/ichiban/prolog/engine/builtin.go:733.56,734.26 1 1
github.com/ichiban/prolog/engine/builtin.go:734.26,735.16 1 1
github.com/ichiban/prolog/engine/builtin.go:735.16,737.4 1 1
github.com/ichiban/prolog/engine/builtin.go:739.2,739.28 1 1
github.com/ichiban/prolog/engine/builtin.go:743.81,744.43 1 1
github.com/ichiban/prolog/engine/builtin.go:745.16,746.8 1 1
github.com/ichiban/prolog/engine/builtin.go:747.15,748.24 1 1
github.com/ichiban/prolog/engine/builtin.go:748.24,750.4 1 1
github.com/ichiban/prolog/engine/builtin.go:751.10,752.72 1 1
github.com/ichiban/prolog/engine/builtin.go:755.2,755.44 1 1
github.com/ichiban/prolog/engine/builtin.go:756.16,757.8 1 1
github.com/ichiban/prolog/engine/builtin.go:758.12,767.13 1 1
github.com/ichiban/prolog/engine/builtin.go:767.13,769.4 1 1
github.com/ichiban/prolog/engine/builtin.go:770.10,771.66 1 1
github.com/ichiban/prolog/engine/builtin.go:774.2,774.32 1 1
github.com/ichiban/prolog/engine/builtin.go:775.22,776.8 1 1
github.com/ichiban/prolog/engine/builtin.go:777.10,778.50 1 1
github.com/ichiban/prolog/engine/builtin.go:781.2,787.34 4 1
github.com/ichiban/prolog/engine/builtin.go:787.34,788.26 1 1
github.com/ichiban/prolog/engine/builtin.go:788.26,790.26 2 1
github.com/ichiban/prolog/engine/builtin.go:790.26,791.13 1 1
github.com/ichiban/prolog/engine/builtin.go:793.4,793.51 1 1
github.com/ichiban/prolog/engine/builtin.go:793.51,795.5 1 1
github.com/ichiban/prolog/engine/builtin.go:798.2,798.21 1 1
github.com/ichiban/prolog/engine/builtin.go:802.57,803.71 1 1
github.com/ichiban/prolog/engine/builtin.go:803.71,805.3 1 1
github.com/ichiban/prolog/engine/builtin.go:805.22,807.3 1 1
github.com/ichiban/prolog/engine/builtin.go:808.2,808.15 1 1
github.com/ichiban/prolog/engine/builtin.go:812.57,813.71 1 1
github.com/ichiban/prolog/engine/builtin.go:813.71,815.3 1 1
github.com/ichiban/prolog/engine/builtin.go:815.22,817.3 1 1
github.com/ichiban/prolog/engine/builtin.go:818.2,818.15 1 1
github.com/ichiban/prolog/engine/builtin.go:821.94,823.16 2 1
github.com/ichiban/prolog/engine/builtin.go:823.16,825.3 1 1
github.com/ichiban/prolog/engine/builtin.go:827.2,827.56 1 1
github.com/ichiban/prolog/engine/builtin.go:827.56,829.17 2 1
github.com/ichiban/prolog/engine/builtin.go:829.17,831.4 1 1
github.com/ichiban/prolog/engine/builtin.go:835.2,836.26 2 1
github.com/ichiban/prolog/engine/builtin.go:836.26,838.3 1 1
github.com/ichiban/prolog/engine/builtin.go:839.2,840.9 2 1
github.com/ichiban/prolog/engine/builtin.go:840.9,843.3 2 1
github.com/ichiban/prolog/engine/builtin.go:844.2,847.16 3 1
github.com/ichiban/prolog/engine/builtin.go:847.16,849.3 1 1
github.com/ichiban/prolog/engine/builtin.go:851.2,854.23 4 1
github.com/ichiban/prolog/engine/builtin.go:854.23,856.3 1 1
github.com/ichiban/prolog/engine/builtin.go:858.2,866.35 3 1
github.com/ichiban/prolog/engine/builtin.go:866.35,867.41 1 1
github.com/ichiban/prolog/engine/builtin.go:867.41,869.4 1 1
github.com/ichiban/prolog/engine/builtin.go:872.2,872.70 1 1
github.com/ichiban/prolog/engine/builtin.go:872.70,873.52 1 1
github.com/ichiban/prolog/engine/builtin.go:873.52,875.4 1 0
github.com/ichiban/prolog/engine/builtin.go:875.9,876.33 1 1
github.com/ichiban/prolog/engine/builtin.go:876.33,879.5 1 1
github.com/ichiban/prolog/engine/builtin.go:882.2,882.12 1 1
github.com/ichiban/prolog/engine/builtin.go:887.37,895.19 4 1
github.com/ichiban/prolog/engine/builtin.go:895.19,897.3 1 0
github.com/ichiban/prolog/engine/builtin.go:899.2,900.24 2 1
github.com/ichiban/prolog/engine/builtin.go:900.24,901.41 1 1
github.com/ichiban/prolog/engine/builtin.go:901.41,903.4 1 1
github.com/ichiban/prolog/engine/builtin.go:906.2,906.20 1 1
github.com/ichiban/prolog/engine/builtin.go:906.20,908.3 1 1
github.com/ichiban/prolog/engine/builtin.go:908.8,910.3 1 1
github.com/ichiban/prolog/engine/builtin.go:913.2,913.34 1 1
github.com/ichiban/prolog/engine/builtin.go:917.79,918.60 1 1
github.com/ichiban/prolog/engine/builtin.go:918.60,920.3 1 1
github.com/ichiban/prolog/engine/builtin.go:924.79,925.60 1 1
github.com/ichiban/prolog/engine/builtin.go:925.60,927.3 1 1
github.com/ichiban/prolog/engine/builtin.go:930.115,933.16 3 1
github.com/ichiban/prolog/engine/builtin.go:933.16,935.3 1 1
github.com/ichiban/prolog/engine/builtin.go:936.2,937.21 2 1
github.com/ichiban/prolog/engine/builtin.go:937.21,939.3 1 1
github.com/ichiban/prolog/engine/builtin.go:940.2,940.36 1 1
github.com/ichiban/prolog/engine/builtin.go:940.36,942.3 1 1
github.com/ichiban/prolog/engine/builtin.go:943.2,948.18 5 1
github.com/ichiban/prolog/engine/builtin.go:948.19,949.3 0 1
github.com/ichiban/prolog/engine/builtin.go:950.2,950.35 1 1
github.com/ichiban/prolog/engine/builtin.go:950.35,952.3 1 1
github.com/ichiban/prolog/engine/builtin.go:954.2,954.86 1 1
github.com/ichiban/prolog/engine/builtin.go:954.86,957.18 3 1
github.com/ichiban/prolog/engine/builtin.go:957.18,963.24 6 1
github.com/ichiban/prolog/engine/builtin.go:963.24,966.28 3 1
github.com/ichiban/prolog/engine/builtin.go:966.28,969.6 2 1
github.com/ichiban/prolog/engine/builtin.go:969.11,972.6 2 1
github.com/ichiban/prolog/engine/builtin.go:974.4,975.51 2 1
github.com/ichiban/prolog/engine/builtin.go:975.51,977.28 2 1
github.com/ichiban/prolog/engine/builtin.go:977.28,979.6 1 1
github.com/ichiban/prolog/engine/builtin.go:980.5,980.57 1 1
github.com/ichiban/prolog/engine/builtin.go:983.3,983.22 1 1
github.com/ichiban/prolog/engine/builtin.go:987.42,993.20 4 1
github.com/ichiban/prolog/engine/builtin.go:993.20,996.24 3 1
github.com/ichiban/prolog/engine/builtin.go:997.17,998.25 1 1
github.com/ichiban/prolog/engine/builtin.go:999.18,1000.26 1 1
github.com/ichiban/prolog/engine/builtin.go:1000.26,1001.16 1 1
github.com/ichiban/prolog/engine/builtin.go:1001.16,1003.7 1 1
github.com/ichiban/prolog/engine/builtin.go:1004.11,1006.6 1 1
github.com/ichiban/prolog/engine/builtin.go:1007.12,1008.17 1 1
github.com/ichiban/prolog/engine/builtin.go:1010.17,1011.25 1 1
github.com/ichiban/prolog/engine/builtin.go:1012.18,1013.61 1 1
github.com/ichiban/prolog/engine/builtin.go:1013.61,1015.6 1 1
github.com/ichiban/prolog/engine/builtin.go:1016.5,1016.36 1 1
github.com/ichiban/prolog/engine/builtin.go:1016.36,1018.6 1 1
github.com/ichiban/prolog/engine/builtin.go:1019.12,1020.17 1 1
github.com/ichiban/prolog/engine/builtin.go:1022.11,1023.14 1 1
github.com/ichiban/prolog/engine/builtin.go:1023.14,1025.5 1 1
github.com/ichiban/prolog/engine/builtin.go:1028.2,1028.13 1 1
github.com/ichiban/prolog/engine/builtin.go:1031.46,1032.6 1 1
github.com/ichiban/prolog/engine/builtin.go:1032.6,1034.56 2 1
github.com/ichiban/prolog/engine/builtin.go:1034.56,1036.4 1 1
github.com/ichiban/prolog/engine/builtin.go:1037.3,1037.15 1 1
github.com/ichiban/prolog/engine/builtin.go:1042.81,1044.18 2 1
github.com/ichiban/prolog/engine/builtin.go:1044.19,1045.3 0 1
github.com/ichiban/prolog/engine/builtin.go:1046.2,1046.35 1 1
github.com/ichiban/prolog/engine/builtin.go:1046.35,1048.3 1 1
github.com/ichiban/prolog/engine/builtin.go:1049.2,1049.50 1 1
github.com/ichiban/prolog/engine/builtin.go:1049.50,1051.55 2 1
github.com/ichiban/prolog/engine/builtin.go:1051.55,1053.18 2 1
github.com/ichiban/prolog/engine/builtin.go:1053.18,1055.5 1 1
github.com/ichiban/prolog/engine/builtin.go:1056.4,1057.22 2 1
github.com/ichiban/prolog/engine/builtin.go:1058.34,1060.4 1 1
github.com/ichiban/prolog/engine/builtin.go:1061.3,1061.56 1 1
github.com/ichiban/prolog/engine/builtin.go:1066.75,1067.40 1 1
github.com/ichiban/prolog/engine/builtin.go:1068.16,1069.8 1 1
github.com/ichiban/prolog/engine/builtin.go:1070.12,1071.12 1 1
github.com/ichiban/prolog/engine/builtin.go:1072.49,1073.9 1 1
github.com/ichiban/prolog/engine/builtin.go:1074.11,1075.59 1 1
github.com/ichiban/prolog/engine/builtin.go:1077.10,1078.53 1 1
github.com/ichiban/prolog/engine/builtin.go:1081.2,1081.43 1 1
github.com/ichiban/prolog/engine/builtin.go:1082.9,1083.51 1 1
github.com/ichiban/prolog/engine/builtin.go:1084.10,1085.48 1 1
github.com/ichiban/prolog/engine/builtin.go:1086.10,1087.45 1 1
github.com/ichiban/prolog/engine/builtin.go:1093.75,1096.44 2 1
github.com/ichiban/prolog/engine/builtin.go:1097.15,1098.14 1 1
github.com/ichiban/prolog/engine/builtin.go:1099.16,1100.40 1 1
github.com/ichiban/prolog/engine/builtin.go:1101.10,1102.56 1 1
github.com/ichiban/prolog/engine/builtin.go:1105.2,1105.44 1 1
github.com/ichiban/prolog/engine/builtin.go:1106.15,1107.15 1 1
github.com/ichiban/prolog/engine/builtin.go:1108.16,1109.40 1 1
github.com/ichiban/prolog/engine/builtin.go:1110.10,1111.56 1 1
github.com/ichiban/prolog/engine/builtin.go:1114.2,1114.16 1 1
github.com/ichiban/prolog/engine/builtin.go:1114.16,1116.3 1 1
github.com/ichiban/prolog/engine/builtin.go:1118.2,1118.44 1 1
github.com/ichiban/prolog/engine/builtin.go:1119.15,1120.34 1 1
github.com/ichiban/prolog/engine/builtin.go:1120.34,1122.4 1 1
github.com/ichiban/prolog/engine/builtin.go:1123.3,1123.16 1 1
github.com/ichiban/prolog/engine/builtin.go:1124.16,1126.50 2 1
github.com/ichiban/prolog/engine/builtin.go:1126.50,1128.4 1 1
github.com/ichiban/prolog/engine/builtin.go:1129.3,1129.17 1 1
github.com/ichiban/prolog/engine/builtin.go:1129.17,1130.51 1 1
github.com/ichiban/prolog/engine/builtin.go:1130.51,1132.5 1 1
github.com/ichiban/prolog/engine/builtin.go:1134.3,1134.22 1 1
github.com/ichiban/prolog/engine/builtin.go:1135.10,1136.56 1 1
github.com/ichiban/prolog/engine/builtin.go:1141.65,1144.18 3 1
github.com/ichiban/prolog/engine/builtin.go:1144.18,1146.3 1 1
github.com/ichiban/prolog/engine/builtin.go:1147.2,1147.35 1 1
github.com/ichiban/prolog/engine/builtin.go:1147.35,1149.3 1 1
github.com/ichiban/prolog/engine/builtin.go:1151.2,1152.18 2 1
github.com/ichiban/prolog/engine/builtin.go:1152.19,1153.3 0 1
github.com/ichiban/prolog/engine/builtin.go:1154.2,1154.35 1 1
github.com/ichiban/prolog/engine/builtin.go:1154.35,1156.3 1 1
github.com/ichiban/prolog/engine/builtin.go:1158.2,1158.53 1 1
github.com/ichiban/prolog/engine/builtin.go:1162.69,1165.18 3 1
github.com/ichiban/prolog/engine/builtin.go:1165.18,1166.50 1 1
github.com/ichiban/prolog/engine/builtin.go:1167.17,1168.41 1 1
github.com/ichiban/prolog/engine/builtin.go:1169.17,1170.50 1 1
github.com/ichiban/prolog/engine/builtin.go:1170.50,1172.5 1 1
github.com/ichiban/prolog/engine/builtin.go:1173.4,1173.28 1 1
github.com/ichiban/prolog/engine/builtin.go:1174.11,1175.50 1 1
github.com/ichiban/prolog/engine/builtin.go:1178.2,1178.35 1 1
github.com/ichiban/prolog/engine/builtin.go:1178.35,1180.3 1 1
github.com/ichiban/prolog/engine/builtin.go:1182.2,1182.41 1 1
github.com/ichiban/prolog/engine/builtin.go:1183.16,1184.8 1 1
github.com/ichiban/prolog/engine/builtin.go:1185.10,1187.19 2 1
github.com/ichiban/prolog/engine/builtin.go:1187.19,1188.51 1 1
github.com/ichiban/prolog/engine/builtin.go:1189.18,1190.13 1 1
github.com/ichiban/prolog/engine/builtin.go:1191.18,1192.51 1 1
github.com/ichiban/prolog/engine/builtin.go:1192.51,1194.6 1 1
github.com/ichiban/prolog/engine/builtin.go:1195.12,1196.51 1 1
github.com/ichiban/prolog/engine/builtin.go:1199.3,1199.36 1 1
github.com/ichiban/prolog/engine/builtin.go:1199.36,1201.4 1 1
github.com/ichiban/prolog/engine/builtin.go:1204.2,1204.46 1 1
github.com/ichiban/prolog/engine/builtin.go:1204.46,1206.3 1 1
github.com/ichiban/prolog/engine/builtin.go:1208.2,1208.50 1 1
github.com/ichiban/prolog/engine/builtin.go:1212.57,1213.39 1 1
github.com/ichiban/prolog/engine/builtin.go:1214.16,1215.40 1 1
github.com/ichiban/prolog/engine/builtin.go:1216.10,1217.37 1 1
github.com/ichiban/prolog/engine/builtin.go:1222.76,1223.40 1 1
github.com/ichiban/prolog/engine/builtin.go:1223.40,1225.10 2 1
github.com/ichiban/prolog/engine/builtin.go:1225.10,1227.4 1 1
github.com/ichiban/prolog/engine/builtin.go:1229.3,1230.10 2 1
github.com/ichiban/prolog/engine/builtin.go:1230.10,1232.4 1 1
github.com/ichiban/prolog/engine/builtin.go:1234.3,1234.35 1 1
github.com/ichiban/prolog/engine/builtin.go:1235.40,1237.3 1 1
github.com/ichiban/prolog/engine/builtin.go:1241.67,1242.38 1 1
github.com/ichiban/prolog/engine/builtin.go:1243.16,1244.8 1 1
github.com/ichiban/prolog/engine/builtin.go:1245.16,1246.51 1 1
github.com/ichiban/prolog/engine/builtin.go:1246.51,1248.4 1 1
github.com/ichiban/prolog/engine/builtin.go:1249.3,1249.50 1 1
github.com/ichiban/prolog/engine/builtin.go:1249.50,1251.4 1 1
github.com/ichiban/prolog/engine/builtin.go:1252.3,1252.53 1 1
github.com/ichiban/prolog/engine/builtin.go:1252.53,1254.4 1 1
github.com/ichiban/prolog/engine/builtin.go:1255.10,1256.64 1 1
github.com/ichiban/prolog/engine/builtin.go:1259.2,1260.42 2 1
github.com/ichiban/prolog/engine/builtin.go:1260.42,1261.19 1 1
github.com/ichiban/prolog/engine/builtin.go:1262.21,1264.51 2 1
github.com/ichiban/prolog/engine/builtin.go:1264.51,1266.5 1 1
github.com/ichiban/prolog/engine/builtin.go:1267.11,1268.12 1 1
github.com/ichiban/prolog/engine/builtin.go:1271.2,1271.21 1 1
github.com/ichiban/prolog/engine/builtin.go:1275.57,1280.16 4 1
github.com/ichiban/prolog/engine/builtin.go:1280.16,1282.3 1 1
github.com/ichiban/prolog/engine/builtin.go:1284.2,1285.9 2 1
github.com/ichiban/prolog/engine/builtin.go:1285.9,1287.3 1 1
github.com/ichiban/prolog/engine/builtin.go:1289.2,1290.23 2 1
github.com/ichiban/prolog/engine/builtin.go:1290.23,1292.3 1 1
github.com/ichiban/prolog/engine/builtin.go:1297.2,1302.25 5 1
github.com/ichiban/prolog/engine/builtin.go:1302.25,1310.44 5 1
github.com/ichiban/prolog/engine/builtin.go:1310.44,1311.53 1 1
github.com/ichiban/prolog/engine/builtin.go:1311.53,1312.48 1 1
github.com/ichiban/prolog/engine/builtin.go:1312.48,1314.6 1 0
github.com/ichiban/prolog/engine/builtin.go:1316.5,1318.51 2 1
github.com/ichiban/prolog/engine/builtin.go:1318.51,1320.6 1 1
github.com/ichiban/prolog/engine/builtin.go:1321.5,1321.48 1 1
github.com/ichiban/prolog/engine/builtin.go:1321.48,1323.6 1 0
github.com/ichiban/prolog/engine/builtin.go:1324.5,1324.54 1 1
github.com/ichiban/prolog/engine/builtin.go:1324.54,1326.49 2 1
github.com/ichiban/prolog/engine/builtin.go:1326.49,1327.18 1 0
github.com/ichiban/prolog/engine/builtin.go:1327.18,1329.8 1 0
github.com/ichiban/prolog/engine/builtin.go:1329.13,1331.8 1 0
github.com/ichiban/prolog/engine/builtin.go:1333.6,1333.17 1 1
github.com/ichiban/prolog/engine/builtin.go:1333.17,1350.22 3 1
github.com/ichiban/prolog/engine/builtin.go:1350.22,1354.46 4 1
github.com/ichiban/prolog/engine/builtin.go:1354.46,1355.58 1 1
github.com/ichiban/prolog/engine/builtin.go:1355.58,1359.10 3 0
github.com/ichiban/prolog/engine/builtin.go:1359.15,1362.39 1 1
github.com/ichiban/prolog/engine/builtin.go:1362.39,1366.11 3 1
github.com/ichiban/prolog/engine/builtin.go:1371.7,1371.20 1 1
github.com/ichiban/prolog/engine/builtin.go:1373.6,1373.24 1 1
github.com/ichiban/prolog/engine/builtin.go:1377.5,1377.23 1 0
github.com/ichiban/prolog/engine/builtin.go:1381.2,1381.21 1 1
github.com/ichiban/prolog/engine/builtin.go:1385.58,1386.38 1 1
github.com/ichiban/prolog/engine/builtin.go:1387.16,1388.40 1 1
github.com/ichiban/prolog/engine/builtin.go:1389.16,1390.51 1 1
github.com/ichiban/prolog/engine/builtin.go:1390.51,1392.4 1 1
github.com/ichiban/prolog/engine/builtin.go:1394.3,1396.43 2 1
github.com/ichiban/prolog/engine/builtin.go:1397.17,1398.41 1 1
github.com/ichiban/prolog/engine/builtin.go:1399.13,1400.46 1 1
github.com/ichiban/prolog/engine/builtin.go:1401.18,1402.42 1 1
github.com/ichiban/prolog/engine/builtin.go:1403.17,1404.18 1 1
github.com/ichiban/prolog/engine/builtin.go:1404.18,1406.6 1 1
github.com/ichiban/prolog/engine/builtin.go:1407.5,1410.26 4 1
github.com/ichiban/prolog/engine/builtin.go:1410.26,1412.6 1 1
github.com/ichiban/prolog/engine/builtin.go:1413.5,1414.18 2 1
github.com/ichiban/prolog/engine/builtin.go:1415.12,1416.58 1 1
github.com/ichiban/prolog/engine/builtin.go:1418.11,1419.53 1 1
github.com/ichiban/prolog/engine/builtin.go:1421.10,1422.64 1 1
github.com/ichiban/prolog/engine/builtin.go:1427.67,1428.36 1 1
github.com/ichiban/prolog/engine/builtin.go:1429.25,1430.47 1 1
github.com/ichiban/prolog/engine/builtin.go:1431.10,1432.60 1 1
github.com/ichiban/prolog/engine/builtin.go:1437.68,1438.36 1 1
github.com/ichiban/prolog/engine/builtin.go:1439.25,1440.48 1 1
github.com/ichiban/prolog/engine/builtin.go:1441.10,1442.60 1 1
github.com/ichiban/prolog/engine/builtin.go:1447.70,1449.16 2 1
github.com/ichiban/prolog/engine/builtin.go:1449.16,1451.3 1 1
github.com/ichiban/prolog/engine/builtin.go:1453.2,1453.26 1 1
github.com/ichiban/prolog/engine/builtin.go:1453.26,1455.3 1 1
github.com/ichiban/prolog/engine/builtin.go:1459.2,1460.15 2 1
github.com/ichiban/prolog/engine/builtin.go:1464.71,1466.16 2 1
github.com/ichiban/prolog/engine/builtin.go:1466.16,1468.3 1 1
github.com/ichiban/prolog/engine/builtin.go:1470.2,1470.53 1 1
github.com/ichiban/prolog/engine/builtin.go:1470.53,1472.3 1 1
github.com/ichiban/prolog/engine/builtin.go:1476.2,1477.15 2 1
github.com/ichiban/prolog/engine/builtin.go:1480.68,1481.48 1 1
github.com/ichiban/prolog/engine/builtin.go:1482.16,1483.38 1 1
github.com/ichiban/prolog/engine/builtin.go:1484.12,1486.10 2 1
github.com/ichiban/prolog/engine/builtin.go:1486.10,1488.4 1 1
github.com/ichiban/prolog/engine/builtin.go:1489.3,1489.16 1 1
github.com/ichiban/prolog/engine/builtin.go:1490.15,1491.16 1 1
github.com/ichiban/prolog/engine/builtin.go:1492.10,1493.72 1 1
github.com/ichiban/prolog/engine/builtin.go:1500.86,1502.45 2 1
github.com/ichiban/prolog/engine/builtin.go:1503.16,1504.40 1 1
github.com/ichiban/prolog/engine/builtin.go:1505.12,1506.20 1 1
github.com/ichiban/prolog/engine/builtin.go:1507.10,1508.68 1 1
github.com/ichiban/prolog/engine/builtin.go:1511.2,1512.39 2 1
github.com/ichiban/prolog/engine/builtin.go:1513.16,1514.40 1 1
github.com/ichiban/prolog/engine/builtin.go:1515.12,1522.10 3 1
github.com/ichiban/prolog/engine/builtin.go:1522.10,1524.4 1 1
github.com/ichiban/prolog/engine/builtin.go:1525.10,1526.52 1 1
github.com/ichiban/prolog/engine/builtin.go:1529.2,1529.50 1 1
github.com/ichiban/prolog/engine/builtin.go:1529.50,1531.3 1 1
github.com/ichiban/prolog/engine/builtin.go:1533.2,1534.54 2 1
github.com/ichiban/prolog/engine/builtin.go:1535.18,1536.27 1 1
github.com/ichiban/prolog/engine/builtin.go:1536.27,1539.4 2 1
github.com/ichiban/prolog/engine/builtin.go:1539.9,1541.4 1 1
github.com/ichiban/prolog/engine/builtin.go:1542.3,1542.38 1 1
github.com/ichiban/prolog/engine/builtin.go:1542.38,1544.4 1 1
github.com/ichiban/prolog/engine/builtin.go:1545.26,1546.70 1 1
github.com/ichiban/prolog/engine/builtin.go:1547.28,1548.90 1 1
github.com/ichiban/prolog/engine/builtin.go:1549.10,1550.20 1 1
github.com/ichiban/prolog/engine/builtin.go:1553.2,1554.18 2 1
github.com/ichiban/prolog/engine/builtin.go:1554.18,1555.73 1 1
github.com/ichiban/prolog/engine/builtin.go:1555.73,1557.4 1 1
github.com/ichiban/prolog/engine/builtin.go:1559.2,1559.35 1 1
github.com/ichiban/prolog/engine/builtin.go:1559.35,1561.3 1 1
github.com/ichiban/prolog/engine/builtin.go:1563.2,1563.38 1 1
github.com/ichiban/prolog/engine/builtin.go:1566.73,1567.41 1 1
github.com/ichiban/prolog/engine/builtin.go:1568.16,1569.33 1 1
github.com/ichiban/prolog/engine/builtin.go:1570.16,1571.21 1 1
github.com/ichiban/prolog/engine/builtin.go:1571.21,1572.9 1 1
github.com/ichiban/prolog/engine/builtin.go:1575.3,1575.22 1 1
github.com/ichiban/prolog/engine/builtin.go:1576.18,1577.49 1 1
github.com/ichiban/prolog/engine/builtin.go:1578.17,1579.48 1 1
github.com/ichiban/prolog/engine/builtin.go:1580.23,1581.54 1 1
github.com/ichiban/prolog/engine/builtin.go:1582.22,1583.53 1 1
github.com/ichiban/prolog/engine/builtin.go:1586.2,1586.58 1 1
github.com/ichiban/prolog/engine/builtin.go:1589.77,1590.43 1 1
github.com/ichiban/prolog/engine/builtin.go:1591.16,1592.33 1 1
github.com/ichiban/prolog/engine/builtin.go:1593.12,1594.40 1 1
github.com/ichiban/prolog/engine/builtin.go:1594.40,1596.4 1 1
github.com/ichiban/prolog/engine/builtin.go:1597.3,1599.13 3 1
github.com/ichiban/prolog/engine/builtin.go:1600.10,1601.54 1 1
github.com/ichiban/prolog/engine/builtin.go:1605.75,1606.43 1 1
github.com/ichiban/prolog/engine/builtin.go:1607.16,1608.33 1 1
github.com/ichiban/prolog/engine/builtin.go:1609.12,1610.12 1 1
github.com/ichiban/prolog/engine/builtin.go:1611.17,1613.14 2 1
github.com/ichiban/prolog/engine/builtin.go:1614.19,1616.14 2 1
github.com/ichiban/prolog/engine/builtin.go:1619.2,1619.53 1 1
github.com/ichiban/prolog/engine/builtin.go:1622.81,1623.43 1 1
github.com/ichiban/prolog/engine/builtin.go:1624.16,1625.33 1 1
github.com/ichiban/prolog/engine/builtin.go:1626.12,1627.12 1 1
github.com/ichiban/prolog/engine/builtin.go:1628.17,1630.14 2 1
github.com/ichiban/prolog/engine/builtin.go:1631.18,1633.14 2 1
github.com/ichiban/prolog/engine/builtin.go:1636.2,1636.53 1 1
github.com/ichiban/prolog/engine/builtin.go:1639.80,1640.43 1 1
github.com/ichiban/prolog/engine/builtin.go:1641.16,1642.33 1 1
github.com/ichiban/prolog/engine/builtin.go:1643.12,1644.12 1 1
github.com/ichiban/prolog/engine/builtin.go:1645.18,1647.14 2 1
github.com/ichiban/prolog/engine/builtin.go:1648.20,1650.14 2 1
github.com/ichiban/prolog/engine/builtin.go:1651.18,1653.14 2 1
github.com/ichiban/prolog/engine/builtin.go:1656.2,1656.53 1 1
github.com/ichiban/prolog/engine/builtin.go:1660.76,1662.16 2 1
github.com/ichiban/prolog/engine/builtin.go:1662.16,1664.3 1 1
github.com/ichiban/prolog/engine/builtin.go:1666.2,1668.18 3 1
github.com/ichiban/prolog/engine/builtin.go:1668.18,1669.55 1 1
github.com/ichiban/prolog/engine/builtin.go:1670.17,1671.41 1 1
github.com/ichiban/prolog/engine/builtin.go:1672.17,1673.28 1 1
github.com/ichiban/prolog/engine/builtin.go:1674.19,1675.28 1 1
github.com/ichiban/prolog/engine/builtin.go:1675.28,1677.6 1 1
github.com/ichiban/prolog/engine/builtin.go:1679.5,1679.51 1 1
github.com/ichiban/prolog/engine/builtin.go:1680.15,1681.15 1 1
github.com/ichiban/prolog/engine/builtin.go:1682.21,1683.20 1 1
github.com/ichiban/prolog/engine/builtin.go:1684.20,1685.19 1 1
github.com/ichiban/prolog/engine/builtin.go:1686.14,1687.70 1 1
github.com/ichiban/prolog/engine/builtin.go:1689.13,1690.69 1 1
github.com/ichiban/prolog/engine/builtin.go:1693.11,1694.67 1 1
github.com/ichiban/prolog/engine/builtin.go:1697.2,1697.35 1 1
github.com/ichiban/prolog/engine/builtin.go:1697.35,1699.3 1 1
github.com/ichiban/prolog/engine/builtin.go:1701.2,1701.44 1 1
github.com/ichiban/prolog/engine/builtin.go:1701.44,1703.3 1 1
github.com/ichiban/prolog/engine/builtin.go:1705.2,1705.15 1 1
github.com/ichiban/prolog/engine/builtin.go:1709.73,1711.16 2 1
github.com/ichiban/prolog/engine/builtin.go:1711.16,1713.3 1 1
github.com/ichiban/prolog/engine/builtin.go:1715.2,1715.31 1 1
github.com/ichiban/prolog/engine/builtin.go:1716.11,1717.16 1 1
github.com/ichiban/prolog/engine/builtin.go:1718.22,1719.91 1 1
github.com/ichiban/prolog/engine/builtin.go:1720.10,1721.20 1 1
github.com/ichiban/prolog/engine/builtin.go:1726.83,1728.16 2 1
github.com/ichiban/prolog/engine/builtin.go:1728.16,1730.3 1 1
github.com/ichiban/prolog/engine/builtin.go:1732.2,1739.18 3 1
github.com/ichiban/prolog/engine/builtin.go:1739.18,1740.69 1 1
github.com/ichiban/prolog/engine/builtin.go:1740.69,1742.4 1 1
github.com/ichiban/prolog/engine/builtin.go:1744.2,1744.35 1 1
github.com/ichiban/prolog/engine/builtin.go:1744.35,1746.3 1 1
github.com/ichiban/prolog/engine/builtin.go:1748.2,1749.9 2 1
github.com/ichiban/prolog/engine/builtin.go:1750.38,1751.91 1 1
github.com/ichiban/prolog/engine/builtin.go:1752.42,1753.97 1 1
github.com/ichiban/prolog/engine/builtin.go:1754.18,1755.20 1 0
github.com/ichiban/prolog/engine/builtin.go:1758.2,1758.64 1 1
github.com/ichiban/prolog/engine/builtin.go:1758.64,1760.3 1 1
github.com/ichiban/prolog/engine/builtin.go:1762.2,1762.15 1 1
github.com/ichiban/prolog/engine/builtin.go:1765.71,1766.41 1 1
github.com/ichiban/prolog/engine/builtin.go:1767.16,1768.33 1 1
github.com/ichiban/prolog/engine/builtin.go:1769.16,1770.21 1 1
github.com/ichiban/prolog/engine/builtin.go:1770.21,1772.4 1 1
github.com/ichiban/prolog/engine/builtin.go:1774.3,1774.22 1 1
github.com/ichiban/prolog/engine/builtin.go:1775.19,1778.14 3 1
github.com/ichiban/prolog/engine/builtin.go:1779.22,1782.14 3 1
github.com/ichiban/prolog/engine/builtin.go:1783.23,1786.14 3 1
github.com/ichiban/prolog/engine/builtin.go:1787.26,1790.14 3 1
github.com/ichiban/prolog/engine/builtin.go:1791.21,1794.14 3 1
github.com/ichiban/prolog/engine/builtin.go:1797.2,1797.57 1 1
github.com/ichiban/prolog/engine/builtin.go:1800.62,1801.43 1 1
github.com/ichiban/prolog/engine/builtin.go:1802.16,1803.40 1 1
github.com/ichiban/prolog/engine/builtin.go:1804.12,1805.12 1 1
github.com/ichiban/prolog/engine/builtin.go:1806.17,1807.20 1 1
github.com/ichiban/prolog/engine/builtin.go:1808.18,1809.21 1 1
github.com/ichiban/prolog/engine/builtin.go:1812.2,1812.59 1 1
github.com/ichiban/prolog/engine/builtin.go:1815.89,1818.18 3 1
github.com/ichiban/prolog/engine/builtin.go:1818.18,1820.53 2 1
github.com/ichiban/prolog/engine/builtin.go:1821.17,1822.39 1 1
github.com/ichiban/prolog/engine/builtin.go:1823.17,1824.56 1 1
github.com/ichiban/prolog/engine/builtin.go:1824.56,1826.5 1 1
github.com/ichiban/prolog/engine/builtin.go:1827.4,1827.13 1 1
github.com/ichiban/prolog/engine/builtin.go:1828.11,1829.64 1 1
github.com/ichiban/prolog/engine/builtin.go:1832.3,1833.47 2 1
github.com/ichiban/prolog/engine/builtin.go:1834.17,1835.39 1 1
github.com/ichiban/prolog/engine/builtin.go:1836.13,1837.11 1 1
github.com/ichiban/prolog/engine/builtin.go:1838.11,1839.64 1 1
github.com/ichiban/prolog/engine/builtin.go:1842.3,1843.47 2 1
github.com/ichiban/prolog/engine/builtin.go:1844.17,1845.11 1 1
github.com/ichiban/prolog/engine/builtin.go:1846.11,1847.12 1 1
github.com/ichiban/prolog/engine/builtin.go:1850.3,1850.26 1 1
github.com/ichiban/prolog/engine/builtin.go:1850.26,1851.12 1 1
github.com/ichiban/prolog/engine/builtin.go:1853.3,1853.13 1 1
github.com/ichiban/prolog/engine/builtin.go:1856.2,1856.35 1 1
github.com/ichiban/prolog/engine/builtin.go:1857.16,1858.38 1 1
github.com/ichiban/prolog/engine/builtin.go:1859.12,1860.25 1 1
github.com/ichiban/prolog/engine/builtin.go:1860.25,1862.4 1 1
github.com/ichiban/prolog/engine/builtin.go:1863.3,1863.18 1 1
github.com/ichiban/prolog/engine/builtin.go:1864.10,1865.63 1 1
github.com/ichiban/prolog/engine/builtin.go:1869.68,1870.43 1 1
github.com/ichiban/prolog/engine/builtin.go:1871.16,1872.36 1 1
github.com/ichiban/prolog/engine/builtin.go:1873.15,1874.16 1 1
github.com/ichiban/prolog/engine/builtin.go:1876.2,1876.55 1 1
github.com/ichiban/prolog/engine/builtin.go:1880.67,1881.40 1 1
github.com/ichiban/prolog/engine/builtin.go:1882.16,1883.41 1 1
github.com/ichiban/prolog/engine/builtin.go:1884.17,1885.41 1 1
github.com/ichiban/prolog/engine/builtin.go:1886.16,1889.26 2 1
github.com/ichiban/prolog/engine/builtin.go:1889.26,1891.5 1 1
github.com/ichiban/prolog/engine/builtin.go:1893.4,1893.41 1 1
github.com/ichiban/prolog/engine/builtin.go:1894.11,1895.56 1 1
github.com/ichiban/prolog/engine/builtin.go:1897.12,1898.43 1 1
github.com/ichiban/prolog/engine/builtin.go:1899.26,1900.9 1 1
github.com/ichiban/prolog/engine/builtin.go:1901.11,1902.56 1 1
github.com/ichiban/prolog/engine/builtin.go:1905.3,1906.19 2 1
github.com/ichiban/prolog/engine/builtin.go:1906.19,1908.4 1 1
github.com/ichiban/prolog/engine/builtin.go:1910.3,1910.49 1 1
github.com/ichiban/prolog/engine/builtin.go:1911.10,1912.55 1 1
github.com/ichiban/prolog/engine/builtin.go:1917.74,1919.16 2 1
github.com/ichiban/prolog/engine/builtin.go:1919.16,1921.3 1 1
github.com/ichiban/prolog/engine/builtin.go:1923.2,1923.38 1 1
github.com/ichiban/prolog/engine/builtin.go:1924.16,1925.40 1 1
github.com/ichiban/prolog/engine/builtin.go:1926.15,1927.23 1 1
github.com/ichiban/prolog/engine/builtin.go:1927.23,1929.4 1 1
github.com/ichiban/prolog/engine/builtin.go:1931.3,1931.39 1 1
github.com/ichiban/prolog/engine/builtin.go:1932.39,1933.92 1 1
github.com/ichiban/prolog/engine/builtin.go:1934.43,1935.96 1 1
github.com/ichiban/prolog/engine/builtin.go:1936.19,1937.21 1 1
github.com/ichiban/prolog/engine/builtin.go:1940.3,1940.16 1 1
github.com/ichiban/prolog/engine/builtin.go:1941.10,1942.51 1 1
github.com/ichiban/prolog/engine/builtin.go:1947.75,1949.16 2 1
github.com/ichiban/prolog/engine/builtin.go:1949.16,1951.3 1 1
github.com/ichiban/prolog/engine/builtin.go:1953.2,1953.39 1 1
github.com/ichiban/prolog/engine/builtin.go:1954.16,1955.40 1 1
github.com/ichiban/prolog/engine/builtin.go:1956.12,1957.23 1 1
github.com/ichiban/prolog/engine/builtin.go:1957.23,1959.4 1 1
github.com/ichiban/prolog/engine/builtin.go:1961.3,1963.36 2 1
github.com/ichiban/prolog/engine/builtin.go:1964.39,1965.92 1 1
github.com/ichiban/prolog/engine/builtin.go:1966.43,1967.98 1 1
github.com/ichiban/prolog/engine/builtin.go:1968.19,1969.21 1 1
github.com/ichiban/prolog/engine/builtin.go:1972.3,1972.16 1 1
github.com/ichiban/prolog/engine/builtin.go:1973.10,1974.57 1 1
github.com/ichiban/prolog/engine/builtin.go:1985.84,1987.16 2 1
github.com/ichiban/prolog/engine/builtin.go:1987.16,1989.3 1 1
github.com/ichiban/prolog/engine/builtin.go:1991.2,1997.18 3 1
github.com/ichiban/prolog/engine/builtin.go:1997.18,1998.68 1 1
github.com/ichiban/prolog/engine/builtin.go:1998.68,2000.4 1 1
github.com/ichiban/prolog/engine/builtin.go:2002.2,2002.35 1 1
github.com/ichiban/prolog/engine/builtin.go:2002.35,2004.3 1 1
github.com/ichiban/prolog/engine/builtin.go:2006.2,2007.15 2 1
github.com/ichiban/prolog/engine/builtin.go:2007.15,2009.3 1 1
github.com/ichiban/prolog/engine/builtin.go:2011.2,2012.13 2 1
github.com/ichiban/prolog/engine/builtin.go:2013.11,2014.8 1 1
github.com/ichiban/prolog/engine/builtin.go:2015.14,2016.47 1 1
github.com/ichiban/prolog/engine/builtin.go:2017.22,2018.90 1 1
github.com/ichiban/prolog/engine/builtin.go:2019.26,2020.96 1 1
github.com/ichiban/prolog/engine/builtin.go:2021.26,2022.99 1 1
github.com/ichiban/prolog/engine/builtin.go:2023.10,2024.38 1 1
github.com/ichiban/prolog/engine/builtin.go:2027.2,2028.27 2 1
github.com/ichiban/prolog/engine/builtin.go:2028.27,2029.19 1 1
github.com/ichiban/prolog/engine/builtin.go:2029.19,2031.4 1 1
github.com/ichiban/prolog/engine/builtin.go:2032.3,2033.77 2 1
github.com/ichiban/prolog/engine/builtin.go:2036.2,2046.12 1 1
github.com/ichiban/prolog/engine/builtin.go:2049.73,2050.46 1 1
github.com/ichiban/prolog/engine/builtin.go:2051.16,2052.33 1 1
github.com/ichiban/prolog/engine/builtin.go:2053.16,2054.26 1 1
github.com/ichiban/prolog/engine/builtin.go:2054.26,2056.4 1 1
github.com/ichiban/prolog/engine/builtin.go:2058.3,2059.27 2 1
github.com/ichiban/prolog/engine/builtin.go:2060.23,2061.23 1 1
github.com/ichiban/prolog/engine/builtin.go:2062.22,2063.22 1 1
github.com/ichiban/prolog/engine/builtin.go:2064.26,2065.26 1 1
github.com/ichiban/prolog/engine/builtin.go:2066.11,2067.58 1 1
github.com/ichiban/prolog/engine/builtin.go:2069.3,2069.13 1 1
github.com/ichiban/prolog/engine/builtin.go:2070.10,2071.57 1 1
github.com/ichiban/prolog/engine/builtin.go:2076.77,2078.16 2 1
github.com/ichiban/prolog/engine/builtin.go:2078.16,2080.3 1 1
github.com/ichiban/prolog/engine/builtin.go:2082.2,2082.41 1 1
github.com/ichiban/prolog/engine/builtin.go:2083.16,2084.8 1 1
github.com/ichiban/prolog/engine/builtin.go:2085.15,2086.23 1 1
github.com/ichiban/prolog/engine/builtin.go:2086.23,2088.4 1 1
github.com/ichiban/prolog/engine/builtin.go:2089.10,2090.56 1 1
github.com/ichiban/prolog/engine/builtin.go:2093.2,2093.37 1 1
github.com/ichiban/prolog/engine/builtin.go:2094.11,2095.47 1 1
github.com/ichiban/prolog/engine/builtin.go:2096.14,2097.48 1 1
github.com/ichiban/prolog/engine/builtin.go:2098.22,2099.90 1 1
github.com/ichiban/prolog/engine/builtin.go:2100.26,2101.94 1 1
github.com/ichiban/prolog/engine/builtin.go:2102.26,2103.99 1 1
github.com/ichiban/prolog/engine/builtin.go:2104.10,2105.20 1 1
github.com/ichiban/prolog/engine/builtin.go:2110.75,2112.16 2 1
github.com/ichiban/prolog/engine/builtin.go:2112.16,2114.3 1 1
github.com/ichiban/prolog/engine/builtin.go:2116.2,2116.39 1 1
github.com/ichiban/prolog/engine/builtin.go:2117.16,2118.8 1 1
github.com/ichiban/prolog/engine/builtin.go:2119.12,2120.35 1 1
github.com/ichiban/prolog/engine/builtin.go:2120.35,2122.4 1 1
github.com/ichiban/prolog/engine/builtin.go:2123.10,2124.59 1 1
github.com/ichiban/prolog/engine/builtin.go:2127.2,2127.40 1 1
github.com/ichiban/prolog/engine/builtin.go:2128.11,2129.26 1 1
github.com/ichiban/prolog/engine/builtin.go:2129.26,2131.4 1 1
github.com/ichiban/prolog/engine/builtin.go:2133.3,2133.42 1 1
github.com/ichiban/prolog/engine/builtin.go:2134.14,2135.48 1 1
github.com/ichiban/prolog/engine/builtin.go:2136.22,2137.90 1 1
github.com/ichiban/prolog/engine/builtin.go:2138.26,2139.96 1 1
github.com/ichiban/prolog/engine/builtin.go:2140.26,2141.99 1 1
github.com/ichiban/prolog/engine/builtin.go:2142.10,2143.20 1 1
github.com/ichiban/prolog/engine/builtin.go:2148.78,2150.16 2 1
github.com/ichiban/prolog/engine/builtin.go:2150.16,2152.3 1 1
github.com/ichiban/prolog/engine/builtin.go:2154.2,2154.41 1 1
github.com/ichiban/prolog/engine/builtin.go:2155.16,2156.8 1 1
github.com/ichiban/prolog/engine/builtin.go:2157.15,2158.23 1 1
github.com/ichiban/prolog/engine/builtin.go:2158.23,2160.4 1 1
github.com/ichiban/prolog/engine/builtin.go:2161.10,2162.56 1 1
github.com/ichiban/prolog/engine/builtin.go:2165.2,2166.15 2 1
github.com/ichiban/prolog/engine/builtin.go:2166.15,2168.3 1 1
github.com/ichiban/prolog/engine/builtin.go:2169.2,2169.13 1 1
github.com/ichiban/prolog/engine/builtin.go:2170.11,2171.47 1 1
github.com/ichiban/prolog/engine/builtin.go:2172.14,2173.48 1 1
github.com/ichiban/prolog/engine/builtin.go:2174.22,2175.90 1 1
github.com/ichiban/prolog/engine/builtin.go:2176.26,2177.94 1 1
github.com/ichiban/prolog/engine/builtin.go:2178.26,2179.99 1 1
github.com/ichiban/prolog/engine/builtin.go:2180.10,2181.20 1 1
github.com/ichiban/prolog/engine/builtin.go:2186.76,2188.16 2 1
github.com/ichiban/prolog/engine/builtin.go:2188.16,2190.3 1 1
github.com/ichiban/prolog/engine/builtin.go:2192.2,2192.39 1 1
github.com/ichiban/prolog/engine/builtin.go:2193.16,2194.8 1 1
github.com/ichiban/prolog/engine/builtin.go:2195.12,2196.35 1 1
github.com/ichiban/prolog/engine/builtin.go:2196.35,2198.4 1 1
github.com/ichiban/prolog/engine/builtin.go:2199.10,2200.59 1 1
github.com/ichiban/prolog/engine/builtin.go:2203.2,2204.15 2 1
github.com/ichiban/prolog/engine/builtin.go:2204.15,2206.3 1 1
github.com/ichiban/prolog/engine/builtin.go:2207.2,2207.13 1 1
github.com/ichiban/prolog/engine/builtin.go:2208.11,2209.35 1 1
github.com/ichiban/prolog/engine/builtin.go:2209.35,2211.4 1 1
github.com/ichiban/prolog/engine/builtin.go:2213.3,2213.42 1 1
github.com/ichiban/prolog/engine/builtin.go:2214.14,2215.48 1 1
github.com/ichiban/prolog/engine/builtin.go:2216.22,2217.90 1 1
github.com/ichiban/prolog/engine/builtin.go:2218.26,2219.96 1 1
github.com/ichiban/prolog/engine/builtin.go:2220.26,2221.99 1 1
github.com/ichiban/prolog/engine/builtin.go:2222.10,2223.20 1 1
github.com/ichiban/prolog/engine/builtin.go:2229.29,2237.2 4 0
github.com/ichiban/prolog/engine/builtin.go:2240.53,2241.39 1 1
github.com/ichiban/prolog/engine/builtin.go:2242.16,2243.40 1 1
github.com/ichiban/prolog/engine/builtin.go:2244.15,2251.16 3 1
github.com/ichiban/prolog/engine/builtin.go:2252.10,2253.52 1 1
github.com/ichiban/prolog/engine/builtin.go:2258.65,2260.16 2 1
github.com/ichiban/prolog/engine/builtin.go:2260.16,2262.3 1 1
github.com/ichiban/prolog/engine/builtin.go:2264.2,2264.34 1 1
github.com/ichiban/prolog/engine/builtin.go:2265.32,2266.8 1 1
github.com/ichiban/prolog/engine/builtin.go:2267.10,2268.56 1 1
github.com/ichiban/prolog/engine/builtin.go:2271.2,2272.9 2 1
github.com/ichiban/prolog/engine/builtin.go:2272.9,2274.3 1 1
github.com/ichiban/prolog/engine/builtin.go:2276.2,2277.22 2 1
github.com/ichiban/prolog/engine/builtin.go:2277.22,2279.3 1 1
github.com/ichiban/prolog/engine/builtin.go:2281.2,2283.20 3 1
github.com/ichiban/prolog/engine/builtin.go:2283.20,2284.45 1 1
github.com/ichiban/prolog/engine/builtin.go:2284.45,2285.12 1 0
github.com/ichiban/prolog/engine/builtin.go:2287.3,2289.17 3 1
github.com/ichiban/prolog/engine/builtin.go:2289.17,2291.4 1 1
github.com/ichiban/prolog/engine/builtin.go:2292.3,2293.50 2 1
github.com/ichiban/prolog/engine/builtin.go:2293.50,2295.4 1 1
github.com/ichiban/prolog/engine/builtin.go:2297.2,2297.21 1 1
github.com/ichiban/prolog/engine/builtin.go:2300.36,2302.74 2 1
github.com/ichiban/prolog/engine/builtin.go:2302.74,2304.3 1 1
github.com/ichiban/prolog/engine/builtin.go:2305.2,2305.34 1 1
github.com/ichiban/prolog/engine/builtin.go:2309.71,2311.42 2 1
github.com/ichiban/prolog/engine/builtin.go:2312.16,2313.40 1 1
github.com/ichiban/prolog/engine/builtin.go:2314.12,2315.11 1 1
github.com/ichiban/prolog/engine/builtin.go:2316.10,2317.52 1 1
github.com/ichiban/prolog/engine/builtin.go:2320.2,2320.41 1 1
github.com/ichiban/prolog/engine/builtin.go:2321.16,2322.8 1 1
github.com/ichiban/prolog/engine/builtin.go:2323.15,2324.12 1 1
github.com/ichiban/prolog/engine/builtin.go:2324.12,2326.4 1 1
github.com/ichiban/prolog/engine/builtin.go:2327.10,2328.57 1 1
github.com/ichiban/prolog/engine/builtin.go:2331.2,2331.68 1 1
github.com/ichiban/prolog/engine/builtin.go:2335.78,2336.41 1 1
github.com/ichiban/prolog/engine/builtin.go:2337.16,2338.42 1 1
github.com/ichiban/prolog/engine/builtin.go:2339.17,2340.41 1 1
github.com/ichiban/prolog/engine/builtin.go:2341.13,2342.43 1 1
github.com/ichiban/prolog/engine/builtin.go:2343.18,2344.42 1 1
github.com/ichiban/prolog/engine/builtin.go:2345.14,2346.49 1 1
github.com/ichiban/prolog/engine/builtin.go:2346.49,2348.6 1 1
github.com/ichiban/prolog/engine/builtin.go:2349.12,2350.55 1 1
github.com/ichiban/prolog/engine/builtin.go:2352.11,2353.54 1 1
github.com/ichiban/prolog/engine/builtin.go:2355.12,2356.36 1 1
github.com/ichiban/prolog/engine/builtin.go:2357.23,2358.9 1 1
github.com/ichiban/prolog/engine/builtin.go:2359.11,2360.54 1 1
github.com/ichiban/prolog/engine/builtin.go:2363.3,2363.36 1 1
github.com/ichiban/prolog/engine/builtin.go:2364.23,2365.9 1 1
github.com/ichiban/prolog/engine/builtin.go:2366.11,2367.54 1 1
github.com/ichiban/prolog/engine/builtin.go:2370.3,2373.20 4 1
github.com/ichiban/prolog/engine/builtin.go:2373.20,2375.51 2 1
github.com/ichiban/prolog/engine/builtin.go:2375.51,2377.5 1 1
github.com/ichiban/prolog/engine/builtin.go:2379.3,2379.50 1 1
github.com/ichiban/prolog/engine/builtin.go:2379.50,2381.4 1 1
github.com/ichiban/prolog/engine/builtin.go:2382.3,2382.22 1 1
github.com/ichiban/prolog/engine/builtin.go:2383.10,2384.53 1 1
github.com/ichiban/prolog/engine/builtin.go:2389.92,2390.43 1 1
github.com/ichiban/prolog/engine/builtin.go:2391.16,2392.40 1 1
github.com/ichiban/prolog/engine/builtin.go:2393.12,2396.59 2 1
github.com/ichiban/prolog/engine/builtin.go:2396.59,2398.4 1 1
github.com/ichiban/prolog/engine/builtin.go:2400.3,2400.59 1 1
github.com/ichiban/prolog/engine/builtin.go:2400.59,2402.4 1 1
github.com/ichiban/prolog/engine/builtin.go:2404.3,2404.58 1 1
github.com/ichiban/prolog/engine/builtin.go:2404.58,2406.4 1 1
github.com/ichiban/prolog/engine/builtin.go:2408.3,2408.38 1 1
github.com/ichiban/prolog/engine/builtin.go:2409.23,2410.9 1 1
github.com/ichiban/prolog/engine/builtin.go:2411.11,2412.56 1 1
github.com/ichiban/prolog/engine/builtin.go:2415.3,2417.33 3 1
github.com/ichiban/prolog/engine/builtin.go:2417.33,2418.34 1 1
github.com/ichiban/prolog/engine/builtin.go:2418.34,2420.52 2 1
github.com/ichiban/prolog/engine/builtin.go:2420.52,2422.6 1 1
github.com/ichiban/prolog/engine/builtin.go:2425.3,2425.22 1 1
github.com/ichiban/prolog/engine/builtin.go:2426.10,2427.52 1 1
github.com/ichiban/prolog/engine/builtin.go:2431.51,2432.36 1 1
github.com/ichiban/prolog/engine/builtin.go:2433.16,2434.13 1 1
github.com/ichiban/prolog/engine/builtin.go:2435.15,2436.12 1 1
github.com/ichiban/prolog/engine/builtin.go:2436.12,2438.4 1 1
github.com/ichiban/prolog/engine/builtin.go:2439.3,2439.13 1 1
github.com/ichiban/prolog/engine/builtin.go:2440.10,2441.45 1 1
github.com/ichiban/prolog/engine/builtin.go:2447.69,2448.39 1 1
github.com/ichiban/prolog/engine/builtin.go:2449.16,2452.19 3 1
github.com/ichiban/prolog/engine/builtin.go:2452.19,2453.51 1 1
github.com/ichiban/prolog/engine/builtin.go:2454.18,2455.42 1 1
github.com/ichiban/prolog/engine/builtin.go:2456.14,2457.37 1 1
github.com/ichiban/prolog/engine/builtin.go:2457.37,2459.6 1 1
github.com/ichiban/prolog/engine/builtin.go:2460.5,2460.38 1 1
github.com/ichiban/prolog/engine/builtin.go:2461.12,2462.56 1 1
github.com/ichiban/prolog/engine/builtin.go:2465.3,2465.36 1 1
github.com/ichiban/prolog/engine/builtin.go:2465.36,2467.4 1 1
github.com/ichiban/prolog/engine/builtin.go:2468.3,2468.55 1 1
github.com/ichiban/prolog/engine/builtin.go:2469.12,2471.19 2 1
github.com/ichiban/prolog/engine/builtin.go:2471.19,2472.51 1 1
github.com/ichiban/prolog/engine/builtin.go:2473.18,2474.10 1 1
github.com/ichiban/prolog/engine/builtin.go:2475.14,2476.37 1 1
github.com/ichiban/prolog/engine/builtin.go:2476.37,2478.6 1 1
github.com/ichiban/prolog/engine/builtin.go:2479.12,2480.56 1 1
github.com/ichiban/prolog/engine/builtin.go:2483.3,2483.36 1 1
github.com/ichiban/prolog/engine/builtin.go:2483.36,2485.4 1 1
github.com/ichiban/prolog/engine/builtin.go:2487.3,2488.14 2 1
github.com/ichiban/prolog/engine/builtin.go:2488.14,2490.4 1 1
github.com/ichiban/prolog/engine/builtin.go:2491.3,2491.47 1 1
github.com/ichiban/prolog/engine/builtin.go:2492.10,2493.49 1 1
github.com/ichiban/prolog/engine/builtin.go:2499.69,2500.39 1 1
github.com/ichiban/prolog/engine/builtin.go:2501.16,2504.19 3 1
github.com/ichiban/prolog/engine/builtin.go:2504.19,2505.51 1 1
github.com/ichiban/prolog/engine/builtin.go:2506.18,2507.42 1 1
github.com/ichiban/prolog/engine/builtin.go:2508.17,2509.37 1 1
github.com/ichiban/prolog/engine/builtin.go:2509.37,2511.6 1 1
github.com/ichiban/prolog/engine/builtin.go:2512.5,2512.33 1 1
github.com/ichiban/prolog/engine/builtin.go:2513.12,2514.54 1 1
github.com/ichiban/prolog/engine/builtin.go:2517.3,2517.36 1 1
github.com/ichiban/prolog/engine/builtin.go:2517.36,2519.4 1 1
github.com/ichiban/prolog/engine/builtin.go:2520.3,2520.55 1 1
github.com/ichiban/prolog/engine/builtin.go:2521.12,2523.19 2 1
github.com/ichiban/prolog/engine/builtin.go:2523.19,2524.51 1 1
github.com/ichiban/prolog/engine/builtin.go:2525.18,2526.10 1 1
github.com/ichiban/prolog/engine/builtin.go:2527.17,2528.37 1 1
github.com/ichiban/prolog/engine/builtin.go:2528.37,2530.6 1 1
github.com/ichiban/prolog/engine/builtin.go:2531.12,2532.54 1 1
github.com/ichiban/prolog/engine/builtin.go:2535.3,2535.36 1 1
github.com/ichiban/prolog/engine/builtin.go:2535.36,2537.4 1 1
github.com/ichiban/prolog/engine/builtin.go:2539.3,2540.14 2 1
github.com/ichiban/prolog/engine/builtin.go:2540.14,2542.4 1 1
github.com/ichiban/prolog/engine/builtin.go:2543.3,2543.47 1 1
github.com/ichiban/prolog/engine/builtin.go:2544.10,2545.52 1 1
github.com/ichiban/prolog/engine/builtin.go:2551.70,2554.18 3 1
github.com/ichiban/prolog/engine/builtin.go:2554.18,2555.50 1 1
github.com/ichiban/prolog/engine/builtin.go:2556.17,2557.51 1 1
github.com/ichiban/prolog/engine/builtin.go:2558.13,2560.27 2 1
github.com/ichiban/prolog/engine/builtin.go:2560.27,2562.5 1 1
github.com/ichiban/prolog/engine/builtin.go:2563.4,2563.28 1 1
github.com/ichiban/prolog/engine/builtin.go:2564.11,2565.55 1 1
github.com/ichiban/prolog/engine/builtin.go:2568.2,2568.35 1 1
github.com/ichiban/prolog/engine/builtin.go:2568.35,2570.3 1 1
github.com/ichiban/prolog/engine/builtin.go:2571.2,2571.43 1 1
github.com/ichiban/prolog/engine/builtin.go:2571.43,2573.3 1 1
github.com/ichiban/prolog/engine/builtin.go:2575.2,2581.16 3 1
github.com/ichiban/prolog/engine/builtin.go:2581.16,2583.3 1 1
github.com/ichiban/prolog/engine/builtin.go:2585.2,2585.38 1 1
github.com/ichiban/prolog/engine/builtin.go:2586.24,2587.33 1 1
github.com/ichiban/prolog/engine/builtin.go:2588.10,2589.51 1 1
github.com/ichiban/prolog/engine/builtin.go:2593.75,2595.40 2 1
github.com/ichiban/prolog/engine/builtin.go:2596.16,2597.40 1 1
github.com/ichiban/prolog/engine/builtin.go:2598.14,2599.10 1 1
github.com/ichiban/prolog/engine/builtin.go:2600.10,2601.53 1 1
github.com/ichiban/prolog/engine/builtin.go:2604.2,2605.18 2 1
github.com/ichiban/prolog/engine/builtin.go:2605.18,2606.50 1 1
github.com/ichiban/prolog/engine/builtin.go:2607.17,2608.9 1 1
github.com/ichiban/prolog/engine/builtin.go:2609.13,2610.28 1 1
github.com/ichiban/prolog/engine/builtin.go:2610.28,2612.5 1 1
github.com/ichiban/prolog/engine/builtin.go:2613.11,2614.55 1 1
github.com/ichiban/prolog/engine/builtin.go:2617.2,2617.35 1 1
github.com/ichiban/prolog/engine/builtin.go:2617.35,2619.3 1 1
github.com/ichiban/prolog/engine/builtin.go:2621.2,2626.23 5 1
github.com/ichiban/prolog/engine/builtin.go:2626.23,2628.3 1 1
github.com/ichiban/prolog/engine/builtin.go:2629.2,2629.46 1 1
github.com/ichiban/prolog/engine/builtin.go:2634.70,2637.18 3 1
github.com/ichiban/prolog/engine/builtin.go:2637.18,2638.50 1 1
github.com/ichiban/prolog/engine/builtin.go:2639.17,2640.51 1 1
github.com/ichiban/prolog/engine/builtin.go:2641.16,2642.32 1 1
github.com/ichiban/prolog/engine/builtin.go:2642.32,2644.5 1 1
github.com/ichiban/prolog/engine/builtin.go:2645.4,2645.32 1 1
github.com/ichiban/prolog/engine/builtin.go:2646.11,2647.53 1 1
github.com/ichiban/prolog/engine/builtin.go:2650.2,2650.35 1 1
github.com/ichiban/prolog/engine/builtin.go:2650.35,2652.3 1 1
github.com/ichiban/prolog/engine/builtin.go:2653.2,2653.43 1 1
github.com/ichiban/prolog/engine/builtin.go:2653.43,2655.3 1 1
github.com/ichiban/prolog/engine/builtin.go:2657.2,2663.16 3 1
github.com/ichiban/prolog/engine/builtin.go:2663.16,2665.3 1 1
github.com/ichiban/prolog/engine/builtin.go:2667.2,2667.38 1 1
github.com/ichiban/prolog/engine/builtin.go:2668.24,2669.33 1 1
github.com/ichiban/prolog/engine/builtin.go:2670.10,2671.51 1 1
github.com/ichiban/prolog/engine/builtin.go:2675.75,2677.40 2 1
github.com/ichiban/prolog/engine/builtin.go:2678.16,2679.40 1 1
github.com/ichiban/prolog/engine/builtin.go:2680.14,2681.10 1 1
github.com/ichiban/prolog/engine/builtin.go:2682.10,2683.53 1 1
github.com/ichiban/prolog/engine/builtin.go:2686.2,2687.18 2 1
github.com/ichiban/prolog/engine/builtin.go:2687.18,2688.50 1 1
github.com/ichiban/prolog/engine/builtin.go:2689.17,2690.9 1 1
github.com/ichiban/prolog/engine/builtin.go:2691.16,2692.32 1 1
github.com/ichiban/prolog/engine/builtin.go:2692.32,2694.5 1 1
github.com/ichiban/prolog/engine/builtin.go:2695.11,2696.53 1 1
github.com/ichiban/prolog/engine/builtin.go:2699.2,2699.35 1 1
github.com/ichiban/prolog/engine/builtin.go:2699.35,2701.3 1 1
github.com/ichiban/prolog/engine/builtin.go:2703.2,2708.23 5 1
github.com/ichiban/prolog/engine/builtin.go:2708.23,2710.3 1 1
github.com/ichiban/prolog/engine/builtin.go:2711.2,2711.46 1 1
github.com/ichiban/prolog/engine/builtin.go:2715.79,2720.41 2 1
github.com/ichiban/prolog/engine/builtin.go:2721.16,2722.43 1 1
github.com/ichiban/prolog/engine/builtin.go:2722.43,2724.4 1 1
github.com/ichiban/prolog/engine/builtin.go:2725.15,2726.31 1 1
github.com/ichiban/prolog/engine/builtin.go:2727.10,2728.60 1 1
github.com/ichiban/prolog/engine/builtin.go:2731.2,2731.38 1 1
github.com/ichiban/prolog/engine/builtin.go:2731.38,2733.3 1 1
github.com/ichiban/prolog/engine/builtin.go:2735.2,2736.28 2 1
github.com/ichiban/prolog/engine/builtin.go:2736.28,2738.36 2 1
github.com/ichiban/prolog/engine/builtin.go:2738.36,2740.51 2 1
github.com/ichiban/prolog/engine/builtin.go:2740.51,2742.5 1 1
github.com/ichiban/prolog/engine/builtin.go:2745.2,2745.21 1 1
github.com/ichiban/prolog/engine/builtin.go:2748.53,2749.43 1 1
github.com/ichiban/prolog/engine/builtin.go:2750.16,2751.14 1 1
github.com/ichiban/prolog/engine/builtin.go:2752.12,2753.43 1 1
github.com/ichiban/prolog/engine/builtin.go:2754.16,2755.21 1 1
github.com/ichiban/prolog/engine/builtin.go:2755.21,2757.4 1 1
github.com/ichiban/prolog/engine/builtin.go:2758.3,2759.22 2 1
github.com/ichiban/prolog/engine/builtin.go:2760.90,2761.27 1 1
github.com/ichiban/prolog/engine/builtin.go:2762.21,2763.30 1 1
github.com/ichiban/prolog/engine/builtin.go:2765.3,2765.15 1 1
github.com/ichiban/prolog/engine/builtin.go:2766.10,2767.15 1 1
github.com/ichiban/prolog/engine/builtin.go:2771.36,2772.31 1 1
github.com/ichiban/prolog/engine/builtin.go:2773.22,2774.14 1 1
github.com/ichiban/prolog/engine/builtin.go:2775.10,2776.15 1 1
github.com/ichiban/prolog/engine/builtin.go:2780.39,2781.31 1 1
github.com/ichiban/prolog/engine/builtin.go:2782.25,2783.14 1 1
github.com/ichiban/prolog/engine/builtin.go:2784.10,2785.15 1 1
github.com/ichiban/prolog/engine/builtin.go:2790.89,2792.16 2 1
github.com/ichiban/prolog/engine/builtin.go:2792.16,2794.3 1 1
github.com/ichiban/prolog/engine/builtin.go:2796.2,2796.43 1 1
github.com/ichiban/prolog/engine/builtin.go:2797.16,2798.40 1 1
github.com/ichiban/prolog/engine/builtin.go:2799.15,2800.45 1 1
github.com/ichiban/prolog/engine/builtin.go:2801.12,2802.17 1 1
github.com/ichiban/prolog/engine/builtin.go:2803.22,2804.96 1 1
github.com/ichiban/prolog/engine/builtin.go:2805.11,2806.21 1 1
github.com/ichiban/prolog/engine/builtin.go:2808.10,2809.59 1 0
github.com/ichiban/prolog/engine/builtin.go:2814.78,2815.42 1 1
github.com/ichiban/prolog/engine/builtin.go:2816.16,2817.40 1 1
github.com/ichiban/prolog/engine/builtin.go:2818.12,2820.18 2 1
github.com/ichiban/prolog/engine/builtin.go:2820.18,2822.4 1 1
github.com/ichiban/prolog/engine/builtin.go:2824.3,2824.45 1 1
github.com/ichiban/prolog/engine/builtin.go:2825.17,2826.41 1 1
github.com/ichiban/prolog/engine/builtin.go:2827.13,2829.19 2 1
github.com/ichiban/prolog/engine/builtin.go:2829.19,2831.5 1 1
github.com/ichiban/prolog/engine/builtin.go:2833.4,2833.20 1 1
github.com/ichiban/prolog/engine/builtin.go:2833.20,2836.5 2 1
github.com/ichiban/prolog/engine/builtin.go:2837.4,2838.17 2 1
github.com/ichiban/prolog/engine/builtin.go:2839.11,2840.57 1 1
github.com/ichiban/prolog/engine/builtin.go:2842.10,2843.56 1 1
github.com/ichiban/prolog/engine/builtin.go:2848.85,2849.42 1 1
github.com/ichiban/prolog/engine/builtin.go:2850.16,2851.8 1 1
github.com/ichiban/prolog/engine/builtin.go:2852.12,2854.18 2 1
github.com/ichiban/prolog/engine/builtin.go:2854.18,2856.4 1 1
github.com/ichiban/prolog/engine/builtin.go:2857.10,2858.56 1 1
github.com/ichiban/prolog/engine/builtin.go:2861.2,2861.44 1 1
github.com/ichiban/prolog/engine/builtin.go:2862.16,2863.8 1 1
github.com/ichiban/prolog/engine/builtin.go:2864.12,2866.18 2 1
github.com/ichiban/prolog/engine/builtin.go:2866.18,2868.4 1 1
github.com/ichiban/prolog/engine/builtin.go:2869.10,2870.56 1 1
github.com/ichiban/prolog/engine/builtin.go:2873.2,2873.46 1 1
github.com/ichiban/prolog/engine/builtin.go:2873.46,2876.29 3 1
github.com/ichiban/prolog/engine/builtin.go:2876.29,2878.4 1 1
github.com/ichiban/prolog/engine/builtin.go:2879.3,2879.40 1 1
github.com/ichiban/prolog/engine/builtin.go:2882.2,2885.27 4 1
github.com/ichiban/prolog/engine/builtin.go:2885.27,2888.16 3 1
github.com/ichiban/prolog/engine/builtin.go:2888.16,2889.28 1 0
github.com/ichiban/prolog/engine/builtin.go:2889.28,2891.5 1 0
github.com/ichiban/prolog/engine/builtin.go:2894.3,2896.42 3 1
github.com/ichiban/prolog/engine/builtin.go:2896.42,2898.4 1 1
github.com/ichiban/prolog/engine/builtin.go:2900.2,2900.21 1 1
github.com/ichiban/prolog/engine/builtin.go:2904.73,2905.39 1 1
github.com/ichiban/prolog/engine/builtin.go:2906.16,2907.40 1 1
github.com/ichiban/prolog/engine/builtin.go:2908.12,2910.12 2 1
github.com/ichiban/prolog/engine/builtin.go:2911.95,2912.78 1 1
github.com/ichiban/prolog/engine/builtin.go:2913.27,2914.33 1 1
github.com/ichiban/prolog/engine/builtin.go:2915.18,2916.24 1 1
github.com/ichiban/prolog/engine/builtin.go:2917.20,2918.26 1 1
github.com/ichiban/prolog/engine/builtin.go:2919.25,2920.31 1 1
github.com/ichiban/prolog/engine/builtin.go:2921.11,2922.60 1 1
github.com/ichiban/prolog/engine/builtin.go:2925.3,2925.41 1 1
github.com/ichiban/prolog/engine/builtin.go:2926.17,2927.41 1 1
github.com/ichiban/prolog/engine/builtin.go:2928.13,2932.40 1 1
github.com/ichiban/prolog/engine/builtin.go:2932.40,2934.5 1 1
github.com/ichiban/prolog/engine/builtin.go:2935.4,2935.17 1 1
github.com/ichiban/prolog/engine/builtin.go:2936.11,2937.85 1 1
github.com/ichiban/prolog/engine/builtin.go:2939.10,2940.49 1 1
github.com/ichiban/prolog/engine/builtin.go:2944.53,2945.15 1 1
github.com/ichiban/prolog/engine/builtin.go:2946.14,2947.30 1 1
github.com/ichiban/prolog/engine/builtin.go:2948.15,2949.31 1 1
github.com/ichiban/prolog/engine/builtin.go:2950.10,2951.91 1 1
github.com/ichiban/prolog/engine/builtin.go:2953.2,2953.12 1 1
github.com/ichiban/prolog/engine/builtin.go:2956.44,2957.15 1 1
github.com/ichiban/prolog/engine/builtin.go:2958.14,2959.20 1 1
github.com/ichiban/prolog/engine/builtin.go:2960.15,2961.21 1 1
github.com/ichiban/prolog/engine/builtin.go:2962.10,2963.82 1 1
github.com/ichiban/prolog/engine/builtin.go:2965.2,2965.12 1 1
github.com/ichiban/prolog/engine/builtin.go:2968.46,2969.15 1 1
github.com/ichiban/prolog/engine/builtin.go:2970.17,2971.30 1 1
github.com/ichiban/prolog/engine/builtin.go:2972.19,2973.32 1 1
github.com/ichiban/prolog/engine/builtin.go:2974.16,2975.29 1 1
github.com/ichiban/prolog/engine/builtin.go:2976.10,2977.84 1 1
github.com/ichiban/prolog/engine/builtin.go:2979.2,2979.12 1 1
github.com/ichiban/prolog/engine/builtin.go:2982.51,2983.15 1 1
github.com/ichiban/prolog/engine/builtin.go:2984.17,2985.40 1 1
github.com/ichiban/prolog/engine/builtin.go:2986.17,2987.40 1 1
github.com/ichiban/prolog/engine/builtin.go:2988.16,2989.39 1 1
github.com/ichiban/prolog/engine/builtin.go:2990.10,2991.89 1 1
github.com/ichiban/prolog/engine/builtin.go:2993.2,2993.12 1 1
github.com/ichiban/prolog/engine/builtin.go:2997.77,2998.39 1 1
github.com/ichiban/prolog/engine/builtin.go:2999.16,3000.8 1 1
github.com/ichiban/prolog/engine/builtin.go:3001.12,3002.12 1 1
github.com/ichiban/prolog/engine/builtin.go:3003.157,3004.9 1 1
github.com/ichiban/prolog/engine/builtin.go:3005.11,3006.60 1 1
github.com/ichiban/prolog/engine/builtin.go:3008.10,3009.49 1 1
github.com/ichiban/prolog/engine/builtin.go:3012.2,3026.23 5 1
github.com/ichiban/prolog/engine/builtin.go:3026.23,3028.42 2 1
github.com/ichiban/prolog/engine/builtin.go:3028.42,3030.4 1 1
github.com/ichiban/prolog/engine/builtin.go:3032.2,3032.21 1 1
github.com/ichiban/prolog/engine/builtin.go:3035.25,3036.7 1 1
github.com/ichiban/prolog/engine/builtin.go:3036.7,3038.3 1 0
github.com/ichiban/prolog/engine/builtin.go:3039.2,3039.16 1 1
github.com/ichiban/prolog/engine/builtin.go:3043.71,3045.16 2 1
github.com/ichiban/prolog/engine/builtin.go:3045.16,3047.3 1 0
github.com/ichiban/prolog/engine/builtin.go:3049.2,3049.36 1 1
github.com/ichiban/prolog/engine/builtin.go:3052.56,3054.8 2 1
github.com/ichiban/prolog/engine/builtin.go:3054.8,3057.81 3 1
github.com/ichiban/prolog/engine/builtin.go:3057.81,3060.4 2 1
github.com/ichiban/prolog/engine/builtin.go:3061.3,3061.17 1 1
github.com/ichiban/prolog/engine/builtin.go:3061.17,3063.4 1 1
github.com/ichiban/prolog/engine/builtin.go:3064.3,3064.9 1 1
github.com/ichiban/prolog/engine/builtin.go:3064.9,3066.4 1 1
github.com/ichiban/prolog/engine/builtin.go:3069.2,3070.16 2 1
github.com/ichiban/prolog/engine/builtin.go:3070.16,3072.3 1 1
github.com/ichiban/prolog/engine/builtin.go:3073.2,3073.15 1 1
github.com/ichiban/prolog/engine/builtin.go:3077.66,3079.2 1 1
github.com/ichiban/prolog/engine/builtin.go:3082.66,3084.2 1 1
github.com/ichiban/prolog/engine/builtin.go:3086.79,3087.36 1 1
github.com/ichiban/prolog/engine/builtin.go:3088.16,3091.35 3 1
github.com/ichiban/prolog/engine/builtin.go:3091.35,3093.51 2 1
github.com/ichiban/prolog/engine/builtin.go:3093.51,3095.5 1 1
github.com/ichiban/prolog/engine/builtin.go:3097.3,3097.36 1 1
github.com/ichiban/prolog/engine/builtin.go:3097.36,3099.4 1 1
github.com/ichiban/prolog/engine/builtin.go:3100.3,3100.22 1 1
github.com/ichiban/prolog/engine/builtin.go:3101.15,3102.15 1 1
github.com/ichiban/prolog/engine/builtin.go:3102.15,3104.4 1 1
github.com/ichiban/prolog/engine/builtin.go:3105.3,3106.35 2 1
github.com/ichiban/prolog/engine/builtin.go:3106.35,3107.14 1 1
github.com/ichiban/prolog/engine/builtin.go:3107.14,3109.5 1 1
github.com/ichiban/prolog/engine/builtin.go:3111.3,3111.36 1 1
github.com/ichiban/prolog/engine/builtin.go:3111.36,3113.4 1 1
github.com/ichiban/prolog/engine/builtin.go:3114.3,3114.21 1 1
github.com/ichiban/prolog/engine/builtin.go:3115.10,3116.52 1 1
github.com/ichiban/prolog/engine/builtin.go:3121.57,3122.36 1 1
github.com/ichiban/prolog/engine/builtin.go:3123.16,3124.37 1 1
github.com/ichiban/prolog/engine/builtin.go:3125.17,3126.41 1 1
github.com/ichiban/prolog/engine/builtin.go:3127.16,3128.11 1 1
github.com/ichiban/prolog/engine/builtin.go:3129.24,3130.66 1 1
github.com/ichiban/prolog/engine/builtin.go:3131.25,3132.23 1 1
github.com/ichiban/prolog/engine/builtin.go:3133.12,3134.46 1 1
github.com/ichiban/prolog/engine/builtin.go:3136.11,3137.53 1 1
github.com/ichiban/prolog/engine/builtin.go:3139.15,3140.21 1 1
github.com/ichiban/prolog/engine/builtin.go:3140.21,3142.4 1 1
github.com/ichiban/prolog/engine/builtin.go:3144.3,3145.17 2 1
github.com/ichiban/prolog/engine/builtin.go:3145.17,3147.27 2 1
github.com/ichiban/prolog/engine/builtin.go:3147.27,3149.5 1 1
github.com/ichiban/prolog/engine/builtin.go:3150.4,3150.21 1 0
github.com/ichiban/prolog/engine/builtin.go:3153.3,3153.37 1 1
github.com/ichiban/prolog/engine/builtin.go:3154.17,3155.34 1 1
github.com/ichiban/prolog/engine/builtin.go:3156.16,3157.22 1 1
github.com/ichiban/prolog/engine/builtin.go:3157.22,3159.5 1 1
github.com/ichiban/prolog/engine/builtin.go:3160.4,3160.34 1 1
github.com/ichiban/prolog/engine/builtin.go:3161.11,3162.53 1 1
github.com/ichiban/prolog/engine/builtin.go:3164.10,3165.52 1 1
github.com/ichiban/prolog/engine/builtin.go:3170.67,3175.23 2 1
github.com/ichiban/prolog/engine/builtin.go:3176.16,3177.8 1 1
github.com/ichiban/prolog/engine/builtin.go:3178.15,3179.12 1 1
github.com/ichiban/prolog/engine/builtin.go:3179.12,3181.4 1 1
github.com/ichiban/prolog/engine/builtin.go:3182.10,3183.52 1 1
github.com/ichiban/prolog/engine/builtin.go:3186.2,3190.75 2 1
github.com/ichiban/prolog/engine/builtin.go:3190.75,3193.47 2 1
github.com/ichiban/prolog/engine/builtin.go:3194.17,3195.32 1 1
github.com/ichiban/prolog/engine/builtin.go:3195.32,3197.5 1 1
github.com/ichiban/prolog/engine/builtin.go:3199.4,3201.19 2 1
github.com/ichiban/prolog/engine/builtin.go:3201.19,3203.5 1 1
github.com/ichiban/prolog/engine/builtin.go:3205.4,3205.72 1 1
github.com/ichiban/prolog/engine/builtin.go:3206.13,3207.31 1 1
github.com/ichiban/prolog/engine/builtin.go:3207.31,3209.5 1 1
github.com/ichiban/prolog/engine/builtin.go:3211.4,3211.40 1 1
github.com/ichiban/prolog/engine/builtin.go:3212.17,3213.58 1 1
github.com/ichiban/prolog/engine/builtin.go:3213.58,3215.5 1 1
github.com/ichiban/prolog/engine/builtin.go:3217.4,3217.34 1 1
github.com/ichiban/prolog/engine/builtin.go:3217.34,3219.5 1 1
github.com/ichiban/prolog/engine/builtin.go:3221.4,3221.58 1 1
github.com/ichiban/prolog/engine/builtin.go:3222.11,3223.22 1 1
github.com/ichiban/prolog/engine/builtin.go:3228.81,3230.16 2 1
github.com/ichiban/prolog/engine/builtin.go:3230.16,3232.3 1 1
github.com/ichiban/prolog/engine/builtin.go:3233.2,3233.23 1 1
github.com/ichiban/prolog/engine/builtin.go:3233.23,3235.3 1 1
github.com/ichiban/prolog/engine/builtin.go:3236.2,3236.48 1 1
github.com/ichiban/prolog/engine/builtin.go:3239.108,3240.46 1 1
github.com/ichiban/prolog/engine/builtin.go:3240.46,3242.3 1 1
github.com/ichiban/prolog/engine/builtin.go:3242.36,3245.17 3 1
github.com/ichiban/prolog/engine/builtin.go:3245.17,3247.4 1 1
github.com/ichiban/prolog/engine/builtin.go:3248.3,3248.66 1 1
github.com/ichiban/prolog/engine/builtin.go:3253.83,3255.40 2 1
github.com/ichiban/prolog/engine/builtin.go:3256.16,3257.8 1 1
github.com/ichiban/prolog/engine/builtin.go:3258.15,3259.14 1 1
github.com/ichiban/prolog/engine/builtin.go:3259.14,3261.4 1 1
github.com/ichiban/prolog/engine/builtin.go:3262.3,3262.10 1 1
github.com/ichiban/prolog/engine/builtin.go:3263.10,3264.54 1 1
github.com/ichiban/prolog/engine/builtin.go:3267.2,3271.27 2 1
github.com/ichiban/prolog/engine/builtin.go:3271.27,3273.3 1 1
github.com/ichiban/prolog/engine/builtin.go:3275.2,3275.72 1 1
github.com/ichiban/prolog/engine/builtin.go:3279.65,3281.46 1 1
github.com/ichiban/prolog/engine/builtin.go:3281.46,3283.19 2 1
github.com/ichiban/prolog/engine/builtin.go:3283.20,3284.4 0 1
github.com/ichiban/prolog/engine/builtin.go:3285.3,3285.36 1 1
github.com/ichiban/prolog/engine/builtin.go:3285.36,3290.4 1 1
github.com/ichiban/prolog/engine/builtin.go:3293.2,3293.44 1 1
github.com/ichiban/prolog/engine/builtin.go:3296.70,3301.46 1 1
github.com/ichiban/prolog/engine/builtin.go:3301.46,3303.3 1 1
github.com/ichiban/prolog/engine/builtin.go:3303.36,3306.92 3 1
github.com/ichiban/prolog/engine/builtin.go:3306.92,3308.4 1 1
github.com/ichiban/prolog/engine/clause.go:43.40,45.15 2 1
github.com/ichiban/prolog/engine/clause.go:45.15,47.3 1 1
github.com/ichiban/prolog/engine/clause.go:48.2,48.12 1 1
github.com/ichiban/prolog/engine/clause.go:51.43,55.2 3 1
github.com/ichiban/prolog/engine/clause.go:59.72,62.20 3 1
github.com/ichiban/prolog/engine/clause.go:62.20,65.41 2 1
github.com/ichiban/prolog/engine/clause.go:65.41,66.12 1 0
github.com/ichiban/prolog/engine/clause.go:68.3,68.50 1 1
github.com/ichiban/prolog/engine/clause.go:68.50,70.24 2 1
github.com/ichiban/prolog/engine/clause.go:70.24,72.5 1 1
github.com/ichiban/prolog/engine/clause.go:73.4,73.58 1 1
github.com/ichiban/prolog/engine/clause.go:76.2,77.10 2 1
github.com/ichiban/prolog/engine/clause.go:81.44,83.2 1 1
github.com/ichiban/prolog/engine/clause.go:87.46,89.2 1 1
[...]
github.com/ichiban/prolog/engine/stream.go:619.36,621.2 1 1
github.com/ichiban/prolog/engine/stream.go:628.55,629.15 1 1
github.com/ichiban/prolog/engine/stream.go:629.15,631.3 1 1
github.com/ichiban/prolog/engine/stream.go:632.2,632.20 1 1
github.com/ichiban/prolog/engine/term.go:30.61,33.2 2 1
github.com/ichiban/prolog/engine/term.go:35.57,37.30 2 1
github.com/ichiban/prolog/engine/term.go:37.30,39.3 1 1
github.com/ichiban/prolog/engine/term.go:40.2,42.11 3 1
github.com/ichiban/prolog/engine/term.go:45.68,48.2 2 1
github.com/ichiban/prolog/engine/term.go:50.59,53.2 2 1
github.com/ichiban/prolog/engine/term.go:55.60,58.2 2 1
github.com/ichiban/prolog/engine/term.go:77.75,78.36 1 1
github.com/ichiban/prolog/engine/term.go:79.38,80.11 1 1
github.com/ichiban/prolog/engine/term.go:81.9,82.19 1 1
github.com/ichiban/prolog/engine/term.go:83.16,84.12 1 1
github.com/ichiban/prolog/engine/term.go:85.10,86.69 1 1
github.com/ichiban/prolog/engine/term.go:99.24,100.23 1 1
github.com/ichiban/prolog/engine/term.go:101.16,102.20 1 1
github.com/ichiban/prolog/engine/term.go:103.10,104.11 1 1
github.com/ichiban/prolog/engine/text.go:15.45,17.2 1 1
github.com/ichiban/prolog/engine/text.go:20.81,22.56 2 1
github.com/ichiban/prolog/engine/text.go:22.56,24.3 1 1
github.com/ichiban/prolog/engine/text.go:26.2,26.34 1 1
github.com/ichiban/prolog/engine/text.go:26.34,28.3 1 1
github.com/ichiban/prolog/engine/text.go:32.2,33.26 2 1
github.com/ichiban/prolog/engine/text.go:33.26,35.3 1 1
github.com/ichiban/prolog/engine/text.go:36.2,36.31 1 1
github.com/ichiban/prolog/engine/text.go:36.31,37.96 1 1
github.com/ichiban/prolog/engine/text.go:37.96,41.12 4 1
github.com/ichiban/prolog/engine/text.go:44.3,44.24 1 1
github.com/ichiban/prolog/engine/text.go:46.2,48.28 2 1
github.com/ichiban/prolog/engine/text.go:48.28,50.17 2 1
github.com/ichiban/prolog/engine/text.go:50.17,52.4 1 1
github.com/ichiban/prolog/engine/text.go:53.3,53.10 1 1
github.com/ichiban/prolog/engine/text.go:53.10,58.4 4 1
github.com/ichiban/prolog/engine/text.go:61.2,61.12 1 1
github.com/ichiban/prolog/engine/text.go:65.61,68.18 3 1
github.com/ichiban/prolog/engine/text.go:68.18,70.3 1 1
github.com/ichiban/prolog/engine/text.go:71.2,71.35 1 1
github.com/ichiban/prolog/engine/text.go:71.35,73.3 1 1
github.com/ichiban/prolog/engine/text.go:75.2,75.50 1 1
github.com/ichiban/prolog/engine/text.go:75.50,76.38 1 1
github.com/ichiban/prolog/engine/text.go:76.38,77.62 1 1
github.com/ichiban/prolog/engine/text.go:77.62,79.5 1 1
github.com/ichiban/prolog/engine/text.go:82.3,82.16 1 1
github.com/ichiban/prolog/engine/text.go:86.93,87.25 1 1
github.com/ichiban/prolog/engine/text.go:87.25,89.3 1 1
github.com/ichiban/prolog/engine/text.go:91.2,93.64 3 1
github.com/ichiban/prolog/engine/text.go:93.64,95.3 1 1
github.com/ichiban/prolog/engine/text.go:97.2,97.6 1 1
github.com/ichiban/prolog/engine/text.go:97.6,98.16 1 1
github.com/ichiban/prolog/engine/text.go:98.16,99.9 1 1
github.com/ichiban/prolog/engine/text.go:105.3,109.17 4 1
github.com/ichiban/prolog/engine/text.go:109.17,111.4 1 1
github.com/ichiban/prolog/engine/text.go:113.3,114.17 2 1
github.com/ichiban/prolog/engine/text.go:114.17,116.4 1 1
github.com/ichiban/prolog/engine/text.go:118.3,119.17 2 1
github.com/ichiban/prolog/engine/text.go:119.17,121.4 1 1
github.com/ichiban/prolog/engine/text.go:122.3,122.13 1 1
github.com/ichiban/prolog/engine/text.go:123.51,124.58 1 1
github.com/ichiban/prolog/engine/text.go:124.58,126.5 1 1
github.com/ichiban/prolog/engine/text.go:127.4,127.12 1 1
github.com/ichiban/prolog/engine/text.go:128.51,130.18 2 1
github.com/ichiban/prolog/engine/text.go:130.18,132.5 1 1
github.com/ichiban/prolog/engine/text.go:133.4,133.15 1 1
github.com/ichiban/prolog/engine/text.go:134.11,135.49 1 1
github.com/ichiban/prolog/engine/text.go:135.49,136.40 1 1
github.com/ichiban/prolog/engine/text.go:136.40,138.6 1 1
github.com/ichiban/prolog/engine/text.go:141.4,142.18 2 1
github.com/ichiban/prolog/engine/text.go:142.18,144.5 1 1
github.com/ichiban/prolog/engine/text.go:146.4,146.38 1 1
github.com/ichiban/prolog/engine/text.go:149.2,149.12 1 1
github.com/ichiban/prolog/engine/text.go:152.72,153.37 1 1
github.com/ichiban/prolog/engine/text.go:153.37,155.3 1 1
github.com/ichiban/prolog/engine/text.go:157.2,157.41 1 1
github.com/ichiban/prolog/engine/text.go:158.55,159.63 1 1
github.com/ichiban/prolog/engine/text.go:159.63,162.4 2 1
github.com/ichiban/prolog/engine/text.go:163.57,164.63 1 1
github.com/ichiban/prolog/engine/text.go:164.63,166.4 1 1
github.com/ichiban/prolog/engine/text.go:167.61,168.63 1 1
github.com/ichiban/prolog/engine/text.go:168.63,170.4 1 1
github.com/ichiban/prolog/engine/text.go:171.62,173.13 2 1
github.com/ichiban/prolog/engine/text.go:174.55,176.17 2 1
github.com/ichiban/prolog/engine/text.go:176.17,178.4 1 1
github.com/ichiban/prolog/engine/text.go:180.3,180.42 1 1
github.com/ichiban/prolog/engine/text.go:181.60,182.43 1 1
github.com/ichiban/prolog/engine/text.go:183.10,185.17 2 1
github.com/ichiban/prolog/engine/text.go:185.17,187.4 1 1
github.com/ichiban/prolog/engine/text.go:188.3,188.10 1 1
github.com/ichiban/prolog/engine/text.go:188.10,193.4 4 1
github.com/ichiban/prolog/engine/text.go:194.3,194.13 1 1
github.com/ichiban/prolog/engine/text.go:198.76,200.16 2 1
github.com/ichiban/prolog/engine/text.go:200.16,202.3 1 1
github.com/ichiban/prolog/engine/text.go:205.2,205.22 1 1
github.com/ichiban/prolog/engine/text.go:205.22,207.3 1 1
github.com/ichiban/prolog/engine/text.go:209.2,209.51 1 1
github.com/ichiban/prolog/engine/text.go:209.51,214.3 2 1
github.com/ichiban/prolog/engine/text.go:216.2,216.12 1 1
github.com/ichiban/prolog/engine/text.go:219.65,220.39 1 1
github.com/ichiban/prolog/engine/text.go:221.16,222.42 1 1
github.com/ichiban/prolog/engine/text.go:223.12,225.44 2 1
github.com/ichiban/prolog/engine/text.go:225.44,227.18 2 1
github.com/ichiban/prolog/engine/text.go:227.18,228.13 1 1
github.com/ichiban/prolog/engine/text.go:231.4,231.20 1 1
github.com/ichiban/prolog/engine/text.go:233.3,233.66 1 1
github.com/ichiban/prolog/engine/text.go:234.10,235.54 1 1
github.com/ichiban/prolog/engine/text.go:245.74,247.18 2 1
github.com/ichiban/prolog/engine/text.go:247.18,248.38 1 1
github.com/ichiban/prolog/engine/text.go:249.17,250.34 1 1
github.com/ichiban/prolog/engine/text.go:251.17,252.52 1 1
github.com/ichiban/prolog/engine/text.go:252.52,254.5 1 1
github.com/ichiban/prolog/engine/text.go:255.4,255.33 1 1
github.com/ichiban/prolog/engine/text.go:256.18,257.35 1 1
github.com/ichiban/prolog/engine/text.go:258.14,259.34 1 1
github.com/ichiban/prolog/engine/text.go:260.19,261.36 1 1
github.com/ichiban/prolog/engine/text.go:262.18,265.13 3 1
github.com/ichiban/prolog/engine/text.go:265.13,268.7 2 1
github.com/ichiban/prolog/engine/text.go:269.6,269.10 1 1
github.com/ichiban/prolog/engine/text.go:270.13,271.60 1 1
github.com/ichiban/prolog/engine/text.go:273.12,274.59 1 1
github.com/ichiban/prolog/engine/text.go:276.11,277.58 1 1
github.com/ichiban/prolog/engine/text.go:280.2,280.19 1 1
github.com/ichiban/prolog/engine/text.go:283.30,284.21 1 1
github.com/ichiban/prolog/engine/text.go:284.21,286.3 1 1
github.com/ichiban/prolog/engine/text.go:288.2,290.9 3 1
github.com/ichiban/prolog/engine/text.go:290.9,293.3 2 1
github.com/ichiban/prolog/engine/text.go:294.2,294.49 1 1
github.com/ichiban/prolog/engine/text.go:294.49,296.3 1 1
github.com/ichiban/prolog/engine/text.go:297.2,301.12 5 1
github.com/ichiban/prolog/engine/text.go:304.45,305.37 1 1
github.com/ichiban/prolog/engine/text.go:305.37,307.3 1 1
github.com/ichiban/prolog/engine/text.go:308.2,309.11 2 1
github.com/ichiban/prolog/engine/text.go:309.11,311.3 1 1
github.com/ichiban/prolog/engine/text.go:312.2,312.18 1 1
github.com/ichiban/prolog/engine/variable.go:11.30,13.2 1 1
github.com/ichiban/prolog/engine/variable.go:19.29,22.2 2 1
github.com/ichiban/prolog/engine/variable.go:24.78,27.9 3 1
github.com/ichiban/prolog/engine/variable.go:27.9,29.3 1 1
github.com/ichiban/prolog/engine/variable.go:31.2,33.33 2 1
github.com/ichiban/prolog/engine/variable.go:33.33,35.3 1 1
github.com/ichiban/prolog/engine/variable.go:36.2,36.40 1 1
github.com/ichiban/prolog/engine/variable.go:36.40,38.3 1 1
github.com/ichiban/prolog/engine/variable.go:38.8,40.3 1 1
github.com/ichiban/prolog/engine/variable.go:41.2,41.34 1 1
github.com/ichiban/prolog/engine/variable.go:41.34,43.3 1 1
github.com/ichiban/prolog/engine/variable.go:45.2,45.15 1 1
github.com/ichiban/prolog/engine/variable.go:48.49,51.9 3 1
github.com/ichiban/prolog/engine/variable.go:51.9,53.3 1 0
github.com/ichiban/prolog/engine/variable.go:55.2,55.36 1 1
github.com/ichiban/prolog/engine/variable.go:56.16,57.10 1 1
github.com/ichiban/prolog/engine/variable.go:58.14,59.12 1 1
github.com/ichiban/prolog/engine/variable.go:60.14,61.13 1 1
github.com/ichiban/prolog/engine/variable.go:62.11,63.12 1 1
github.com/ichiban/prolog/engine/variable.go:65.10,66.12 1 1
github.com/ichiban/prolog/engine/variable.go:74.51,76.95 2 1
github.com/ichiban/prolog/engine/variable.go:76.95,77.37 1 1
github.com/ichiban/prolog/engine/variable.go:78.17,79.13 1 1
github.com/ichiban/prolog/engine/variable.go:80.17,81.35 1 1
github.com/ichiban/prolog/engine/variable.go:81.35,83.5 1 1
github.com/ichiban/prolog/engine/variable.go:86.2,86.10 1 1
github.com/ichiban/prolog/engine/variable.go:89.63,91.95 2 1
github.com/ichiban/prolog/engine/variable.go:91.95,92.91 1 1
github.com/ichiban/prolog/engine/variable.go:92.91,93.52 1 1
github.com/ichiban/prolog/engine/variable.go:93.52,95.5 1 1
github.com/ichiban/prolog/engine/variable.go:96.4,96.35 1 1
github.com/ichiban/prolog/engine/variable.go:99.2,99.11 1 1
github.com/ichiban/prolog/engine/variable.go:102.59,107.52 4 1
github.com/ichiban/prolog/engine/variable.go:107.52,109.3 1 1
github.com/ichiban/prolog/engine/variable.go:111.2,111.22 1 1
github.com/ichiban/prolog/engine/variable.go:111.22,112.26 1 1
github.com/ichiban/prolog/engine/variable.go:112.26,114.4 1 1
github.com/ichiban/prolog/engine/variable.go:117.2,117.11 1 1
github.com/ichiban/prolog/engine/vm.go:64.29,66.2 1 1
github.com/ichiban/prolog/engine/vm.go:69.29,71.2 1 1
github.com/ichiban/prolog/engine/vm.go:103.50,106.26 3 1
github.com/ichiban/prolog/engine/vm.go:106.26,108.3 1 1
github.com/ichiban/prolog/engine/vm.go:109.2,109.61 1 1
github.com/ichiban/prolog/engine/vm.go:113.50,116.26 3 1
github.com/ichiban/prolog/engine/vm.go:116.26,118.3 1 1
github.com/ichiban/prolog/engine/vm.go:119.2,119.61 1 1
github.com/ichiban/prolog/engine/vm.go:123.50,126.26 3 1
github.com/ichiban/prolog/engine/vm.go:126.26,128.3 1 1
github.com/ichiban/prolog/engine/vm.go:129.2,129.61 1 1
github.com/ichiban/prolog/engine/vm.go:133.50,136.26 3 1
github.com/ichiban/prolog/engine/vm.go:136.26,138.3 1 1
github.com/ichiban/prolog/engine/vm.go:139.2,139.61 1 1
github.com/ichiban/prolog/engine/vm.go:143.50,146.26 3 1
github.com/ichiban/prolog/engine/vm.go:146.26,148.3 1 1
github.com/ichiban/prolog/engine/vm.go:149.2,149.61 1 1
github.com/ichiban/prolog/engine/vm.go:153.50,156.26 3 1
github.com/ichiban/prolog/engine/vm.go:156.26,158.3 1 1
github.com/ichiban/prolog/engine/vm.go:159.2,159.61 1 1
github.com/ichiban/prolog/engine/vm.go:163.50,166.26 3 1
github.com/ichiban/prolog/engine/vm.go:166.26,168.3 1 1
github.com/ichiban/prolog/engine/vm.go:169.2,169.61 1 1
github.com/ichiban/prolog/engine/vm.go:173.50,176.26 3 1
github.com/ichiban/prolog/engine/vm.go:176.26,178.3 1 1
github.com/ichiban/prolog/engine/vm.go:179.2,179.61 1 1
github.com/ichiban/prolog/engine/vm.go:183.50,186.26 3 1
github.com/ichiban/prolog/engine/vm.go:186.26,188.3 1 1
github.com/ichiban/prolog/engine/vm.go:189.2,189.61 1 1
github.com/ichiban/prolog/engine/vm.go:200.40,206.2 1 1
github.com/ichiban/prolog/engine/vm.go:216.83,219.23 2 1
github.com/ichiban/prolog/engine/vm.go:219.23,220.41 1 1
github.com/ichiban/prolog/engine/vm.go:220.42,220.43 0 0
github.com/ichiban/prolog/engine/vm.go:223.2,228.9 6 1
github.com/ichiban/prolog/engine/vm.go:228.9,229.18 1 1
github.com/ichiban/prolog/engine/vm.go:230.23,232.15 2 1
github.com/ichiban/prolog/engine/vm.go:233.20,234.22 1 1
github.com/ichiban/prolog/engine/vm.go:235.11,236.69 1 1
github.com/ichiban/prolog/engine/vm.go:241.2,243.33 2 1
github.com/ichiban/prolog/engine/vm.go:246.130,252.9 2 1
github.com/ichiban/prolog/engine/vm.go:252.9,254.59 2 1
github.com/ichiban/prolog/engine/vm.go:255.19,257.37 2 1
github.com/ichiban/prolog/engine/vm.go:258.19,259.32 1 1
github.com/ichiban/prolog/engine/vm.go:260.17,263.31 3 1
github.com/ichiban/prolog/engine/vm.go:264.17,266.26 2 1
github.com/ichiban/prolog/engine/vm.go:267.21,271.24 4 1
github.com/ichiban/prolog/engine/vm.go:271.24,273.5 1 1
github.com/ichiban/prolog/engine/vm.go:274.4,274.52 1 1
github.com/ichiban/prolog/engine/vm.go:275.21,281.17 6 1
github.com/ichiban/prolog/engine/vm.go:282.14,283.64 1 1
github.com/ichiban/prolog/engine/vm.go:284.16,285.9 1 1
github.com/ichiban/prolog/engine/vm.go:286.15,288.60 2 1
github.com/ichiban/prolog/engine/vm.go:288.60,290.5 1 1
github.com/ichiban/prolog/engine/vm.go:291.15,292.20 1 1
github.com/ichiban/prolog/engine/vm.go:293.14,294.57 1 1
github.com/ichiban/prolog/engine/vm.go:294.57,296.5 1 1
github.com/ichiban/prolog/engine/vm.go:297.18,301.24 4 1
github.com/ichiban/prolog/engine/vm.go:301.24,303.5 1 1
github.com/ichiban/prolog/engine/vm.go:304.4,304.40 1 1
github.com/ichiban/prolog/engine/vm.go:305.18,311.17 6 1
github.com/ichiban/prolog/engine/vm.go:312.21,316.24 4 1
github.com/ichiban/prolog/engine/vm.go:316.24,318.5 1 1
github.com/ichiban/prolog/engine/vm.go:319.4,319.63 1 1
github.com/ichiban/prolog/engine/vm.go:320.21,329.17 6 1
github.com/ichiban/prolog/engine/vm.go:333.2,333.20 1 1
github.com/ichiban/prolog/engine/vm.go:337.39,344.2 6 1
github.com/ichiban/prolog/engine/vm.go:347.40,354.2 6 1
github.com/ichiban/prolog/engine/vm.go:359.74,360.20 1 1
github.com/ichiban/prolog/engine/vm.go:360.20,362.3 1 1
github.com/ichiban/prolog/engine/vm.go:364.2,364.22 1 1
github.com/ichiban/prolog/engine/vm.go:370.74,371.20 1 1
github.com/ichiban/prolog/engine/vm.go:371.20,373.3 1 1
github.com/ichiban/prolog/engine/vm.go:375.2,375.31 1 1
github.com/ichiban/prolog/engine/vm.go:381.74,382.20 1 1
github.com/ichiban/prolog/engine/vm.go:382.20,384.3 1 1
github.com/ichiban/prolog/engine/vm.go:386.2,386.40 1 1
github.com/ichiban/prolog/engine/vm.go:392.74,393.20 1 1
github.com/ichiban/prolog/engine/vm.go:393.20,395.3 1 1
github.com/ichiban/prolog/engine/vm.go:397.2,397.49 1 1
github.com/ichiban/prolog/engine/vm.go:403.74,404.20 1 1
github.com/ichiban/prolog/engine/vm.go:404.20,406.3 1 1
github.com/ichiban/prolog/engine/vm.go:408.2,408.58 1 1
github.com/ichiban/prolog/engine/vm.go:414.74,415.20 1 1
github.com/ichiban/prolog/engine/vm.go:415.20,417.3 1 1
github.com/ichiban/prolog/engine/vm.go:419.2,419.67 1 1
github.com/ichiban/prolog/engine/vm.go:425.74,426.20 1 1
github.com/ichiban/prolog/engine/vm.go:426.20,428.3 1 1
github.com/ichiban/prolog/engine/vm.go:430.2,430.76 1 1
github.com/ichiban/prolog/engine/vm.go:436.74,437.20 1 1
github.com/ichiban/prolog/engine/vm.go:437.20,439.3 1 1
github.com/ichiban/prolog/engine/vm.go:441.2,441.85 1 1
github.com/ichiban/prolog/engine/vm.go:447.74,448.20 1 1
github.com/ichiban/prolog/engine/vm.go:448.20,450.3 1 1
github.com/ichiban/prolog/engine/vm.go:452.2,452.94 1 1
github.com/ichiban/prolog/engine/vm.go:461.88,463.2 1 1
github.com/ichiban/prolog/engine/vm.go:465.59,467.2 1 1
github.com/ichiban/prolog/engine/vm.go:469.44,471.2 1 1
github.com/ichiban/prolog/engine/vm.go:473.41,475.2 1 1
github.com/ichiban/prolog/engine/vm.go:477.45,478.12 1 1
github.com/ichiban/prolog/engine/vm.go:478.12,480.3 1 1
github.com/ichiban/prolog/engine/vm.go:481.2,481.16 1 1
github.com/ichiban/prolog/engine/vm.go:484.45,491.2 4 1
github.com/ichiban/prolog/engine/vm.go:494.41,496.2 1 1
github.com/ichiban/prolog/engine/vm.go:501.27,511.26 7 1
github.com/ichiban/prolog/engine/vm.go:511.26,513.35 2 1
github.com/ichiban/prolog/engine/vm.go:513.35,515.4 1 1
github.com/ichiban/prolog/engine/vm.go:519.2,519.25 1 1
github.com/ichiban/prolog/engine/vm.go:519.25,521.34 2 0
github.com/ichiban/prolog/engine/vm.go:521.34,523.4 1 0
github.com/ichiban/prolog/engine/vm.go:527.2,527.31 1 1
github.com/ichiban/prolog/engine/vm.go:527.31,529.40 2 0
github.com/ichiban/prolog/engine/vm.go:529.40,531.4 1 0
github.com/ichiban/prolog/engine/vm.go:533.2,540.10 3 1
github.com/ichiban/prolog/engine/vm.go:546.72,551.2 4 1
github.com/ichiban/prolog/engine/vm.go:555.68,557.26 2 1
github.com/ichiban/prolog/engine/vm.go:557.26,559.3 1 1
github.com/ichiban/prolog/engine/vm.go:560.2,561.16 2 1
github.com/ichiban/prolog/engine/vm.go:566.54,568.26 2 1
github.com/ichiban/prolog/engine/vm.go:568.26,570.3 1 1
github.com/ichiban/prolog/engine/vm.go:571.2,571.16 1 1
github.com/ichiban/prolog/engine/vm.go:576.65,578.26 2 1
github.com/ichiban/prolog/engine/vm.go:578.26,581.3 2 0
github.com/ichiban/prolog/engine/vm.go:582.2,583.34 2 1
github.com/ichiban/prolog/engine/vm.go:583.34,585.3 1 1
github.com/ichiban/prolog/engine/vm.go:586.2,587.11 2 1
github.com/ichiban/prolog/engine/vm.go:591.31,596.2 4 1
github.com/ichiban/prolog/engine/vm.go:599.32,604.2 4 1
github.com/ichiban/prolog/engine/vm.go:608.41,610.25 2 1
github.com/ichiban/prolog/engine/vm.go:610.25,613.3 2 1
github.com/ichiban/prolog/engine/vm.go:614.2,615.33 2 1
github.com/ichiban/prolog/engine/vm.go:615.33,617.3 1 1
github.com/ichiban/prolog/engine/vm.go:618.2,619.11 2 1
github.com/ichiban/prolog/engine/vm.go:624.43,629.2 4 1
github.com/ichiban/prolog/engine/vm.go:633.51,635.31 2 1
github.com/ichiban/prolog/engine/vm.go:635.31,638.3 2 1
github.com/ichiban/prolog/engine/vm.go:639.2,640.39 2 1
github.com/ichiban/prolog/engine/vm.go:640.39,642.3 1 1
github.com/ichiban/prolog/engine/vm.go:643.2,644.11 2 1
github.com/ichiban/prolog/engine/vm.go:648.38,653.2 4 1
github.com/ichiban/prolog/engine/vm.go:657.48,659.31 2 1
github.com/ichiban/prolog/engine/vm.go:659.31,661.3 1 1
github.com/ichiban/prolog/engine/vm.go:662.2,663.16 2 1
github.com/ichiban/prolog/engine/vm.go:668.46,670.31 2 1
github.com/ichiban/prolog/engine/vm.go:670.31,672.3 1 1
github.com/ichiban/prolog/engine/vm.go:673.2,673.16 1 1
github.com/ichiban/prolog/engine/vm.go:678.42,682.2 3 1
github.com/ichiban/prolog/engine/vm.go:685.32,689.2 3 1
github.com/ichiban/prolog/engine/vm.go:692.43,696.2 3 1
github.com/ichiban/prolog/engine/vm.go:699.48,703.2 3 1
github.com/ichiban/prolog/engine/vm.go:708.41,710.22 2 1
github.com/ichiban/prolog/engine/vm.go:710.22,712.3 1 1
github.com/ichiban/prolog/engine/vm.go:713.2,713.31 1 1
github.com/ichiban/prolog/engine/vm.go:713.31,716.3 2 1
github.com/ichiban/prolog/engine/vm.go:717.2,719.14 3 1
github.com/ichiban/prolog/engine/vm.go:723.38,725.22 2 1
github.com/ichiban/prolog/engine/vm.go:725.22,727.3 1 1
github.com/ichiban/prolog/engine/vm.go:728.2,728.16 1 1
github.com/ichiban/prolog/engine/vm.go:732.39,737.2 4 1
github.com/ichiban/prolog/engine/vm.go:748.45,758.2 4 1
github.com/ichiban/prolog/engine/vm.go:763.40,764.22 1 1
github.com/ichiban/prolog/engine/vm.go:764.22,766.3 1 1
github.com/ichiban/prolog/engine/vm.go:767.2,767.19 1 1
github.com/ichiban/prolog/engine/vm.go:767.19,768.33 1 1
github.com/ichiban/prolog/engine/vm.go:768.33,770.4 1 1
github.com/ichiban/prolog/engine/vm.go:771.3,771.53 1 1
github.com/ichiban/prolog/engine/vm.go:771.53,773.4 1 1
github.com/ichiban/prolog/engine/vm.go:775.2,775.13 1 1
github.com/ichiban/prolog/engine/vm.go:779.63,780.35 1 1
github.com/ichiban/prolog/engine/vm.go:780.35,782.3 1 1
github.com/ichiban/prolog/engine/vm.go:783.2,783.35 1 1
github.com/ichiban/prolog/engine/vm.go:786.74,787.36 1 1
github.com/ichiban/prolog/engine/vm.go:788.16,789.60 1 1
github.com/ichiban/prolog/engine/vm.go:790.12,791.57 1 1
github.com/ichiban/prolog/engine/vm.go:792.16,793.86 1 1
github.com/ichiban/prolog/engine/vm.go:794.10,795.73 1 1
github.com/ichiban/prolog/engine/vm.go:804.54,806.2 1 1
